0.01 -0.00345392
0.02 -0.00714354
0.03 -0.0108753
0.04 -0.0139572
0.05 -0.0154694
0.06 -0.0147449
0.07 -0.0117486
0.08 -0.00710799
0.09 -0.00177826
0.1 0.00343739
0.11 0.0082079
0.12 0.0126426
0.13 0.0169531
0.14 0.0210586
0.15 0.0244204
0.16 0.0262324
0.17 0.0258492
0.18 0.0231732
0.19 0.0187457
0.2 0.0134837
0.21 0.00822885
0.22 0.00339663
0.23 -0.00106061
0.24 -0.00537381
0.25 -0.00957368
0.26 -0.0132785
0.27 -0.015807
0.28 -0.0165476
0.29 -0.0153437
0.3 -0.0126377
0.31 -0.00927488
0.32 -0.00608887
0.33 -0.00353475
0.34 -0.00159484
0.35 3.24917e-06
0.36 0.00142365
0.37 0.00247221
0.38 0.00263663
0.39 0.00139634
0.4 -0.00140406
0.41 -0.00537127
0.42 -0.00969727
0.43 -0.0135285
0.44 -0.0163376
0.45 -0.0180695
0.46 -0.0189845
0.47 -0.0193217
0.48 -0.0190231
0.49 -0.0177122
0.5 -0.0149439
0.51 -0.0105559
0.52 -0.00488189
0.53 0.00132127
0.54 0.00719333
0.55 0.0121393
0.56 0.0160172
0.57 0.0190375
0.58 0.0214596
0.59 0.0233033
0.6 0.0242741
0.61 0.0239528
0.62 0.0221188
0.63 0.0189864
0.64 0.015189
0.65 0.0115087
0.66 0.00852185
0.67 0.00638287
0.68 0.00487277
0.69 0.00366414
0.7 0.00261453
0.71 0.00188851
0.72 0.00182721
0.73 0.00265658
0.74 0.00423819
0.75 0.00603912
0.76 0.00735004
0.77 0.00761664
0.78 0.00667701
0.79 0.00476213
0.8 0.00227118
0.81 -0.000520298
0.82 -0.00362009
0.83 -0.00724239
0.84 -0.0115538
0.85 -0.0164222
0.86 -0.0213466
0.87 -0.025623
0.88 -0.0286495
0.89 -0.0301787
0.9 -0.0303618
0.91 -0.0295648
0.92 -0.0280888
0.93 -0.0259849
0.94 -0.0230812
0.95 -0.0191973
0.96 -0.0143922
0.97 -0.00907119
0.98 -0.00386902
0.99 0.000624411
1 0.0041208
1.01 0.00671243
1.02 0.00873076
1.03 0.0104862
1.04 0.0120631
1.05 0.0133015
1.06 0.0139729
1.07 0.0140203
1.08 0.0136931
1.09 0.0134755
1.1 0.0138502
1.11 0.015046
1.12 0.0169299
1.13 0.0191074
1.14 0.0211629
1.15 0.0228786
1.16 0.0242913
1.17 0.025558
1.18 0.0267317
1.19 0.0276089
1.2 0.0277582
1.21 0.0267199
1.22 0.0242498
1.23 0.0204528
1.24 0.0157194
1.25 0.0105114
1.26 0.00513837
1.27 -0.000330936
1.28 -0.00597448
1.29 -0.0118142
1.3 -0.0176496
1.31 -0.0230495
1.32 -0.0275145
1.33 -0.0307101
1.34 -0.0326171
1.35 -0.0335044
1.36 -0.0337458
1.37 -0.0336011
1.38 -0.0331012
1.39 -0.0321064
1.4 -0.0304887
1.41 -0.0283077
1.42 -0.025852
1.43 -0.0235141
1.44 -0.0215791
1.45 -0.020064
1.46 -0.0187126
1.47 -0.0171482
1.48 -0.0150875
1.49 -0.0124751
1.5 -0.00945897
1.51 -0.00623162
1.52 -0.00285404
1.53 0.000814042
1.54 0.00502756
1.55 0.00996776
1.56 0.0155763
1.57 0.0215231
1.58 0.0273323
1.59 0.0325843
1.6 0.0370667
1.61 0.0407808
1.62 0.0438133
1.63 0.0461654
1.64 0.0476613
1.65 0.0480029
1.66 0.0469364
1.67 0.0444207
1.68 0.0406832
1.69 0.0361256
1.7 0.0311398
1.71 0.0259497
1.72 0.0205763
1.73 0.0149407
1.74 0.009028
1.75 0.00299524
1.76 -0.00285331
1.77 -0.0082079
1.78 -0.0129171
1.79 -0.0170648
1.8 -0.0209073
1.81 -0.0247097
1.82 -0.0285853
1.83 -0.0324398
1.84 -0.0360514
1.85 -0.0392252
1.86 -0.0419144
1.87 -0.0442263
1.88 -0.0463104
1.89 -0.0482042
1.9 -0.0497425
1.91 -0.0505961
1.92 -0.0504167
1.93 -0.0489981
1.94 -0.0463507
1.95 -0.0426486
1.96 -0.038092
1.97 -0.032778
1.98 -0.0266698
1.99 -0.0196836
2 -0.0118316
2.01 -0.00332217
2.02 0.00545559
2.03 0.0140555
2.04 0.0221307
2.05 0.0295252
2.06 0.0362486
2.07 0.0423547
2.08 0.0478127
2.09 0.0524587
2.1 0.0560604
2.11 0.0584493
2.12 0.0596288
2.13 0.0597853
2.14 0.0591897
2.15 0.0580525
2.16 0.056423
2.17 0.0541962
2.18 0.0512192
2.19 0.0474192
2.2 0.0428705
2.21 0.0377552
2.22 0.0322476
2.23 0.0264029
2.24 0.0201264
2.25 0.0132495
2.26 0.00566343
2.27 -0.00257619
2.28 -0.0112391
2.29 -0.0200085
2.3 -0.0286079
2.31 -0.0368838
2.32 -0.0447914
2.33 -0.0522989
2.34 -0.0592785
2.35 -0.0654649
2.36 -0.0705126
2.37 -0.0741184
2.38 -0.0761327
2.39 -0.0765898
2.4 -0.0756424
2.41 -0.0734433
2.42 -0.0700563
2.43 -0.0654536
2.44 -0.0595966
2.45 -0.0525415
2.46 -0.044495
2.47 -0.0357788
2.48 -0.026723
2.49 -0.0175538
2.5 -0.00834756
2.51 0.000920287
2.52 0.0102697
2.53 0.0196236
2.54 0.0287902
2.55 0.0375281
2.56 0.0456499
2.57 0.0530909
2.58 0.0598968
2.59 0.0661357
2.6 0.0717929
2.61 0.0767195
2.62 0.0806666
2.63 0.0833836
2.64 0.0847164
2.65 0.0846446
2.66 0.0832365
2.67 0.0805554
2.68 0.0765873
2.69 0.0712392
2.7 0.0644118
2.71 0.0560995
2.72 0.0464517
2.73 0.0357549
2.74 0.0243468
2.75 0.0125159
2.76 0.000451815
2.77 -0.0117272
2.78 -0.0238939
2.79 -0.0358388
2.8 -0.0472569
2.81 -0.0578072
2.82 -0.0672094
2.83 -0.0753162
2.84 -0.0821134
2.85 -0.0876517
2.86 -0.0919543
2.87 -0.0949625
2.88 -0.0965526
2.89 -0.0966088
2.9 -0.0951025
2.91 -0.0921222
2.92 -0.0878324
2.93 -0.0823886
2.94 -0.0758648
2.95 -0.0682421
2.96 -0.0594649
2.97 -0.0495281
2.98 -0.0385382
2.99 -0.0267108
3 -0.0143069
3.01 -0.00155207
3.02 0.0114049
3.03 0.0244691
3.04 0.0375285
3.05 0.0503851
3.06 0.0627365
3.07 0.0742225
3.08 0.0845114
3.09 0.0933708
3.1 0.100682
3.11 0.106392
3.12 0.110445
3.13 0.112731
3.14 0.113109
3.15 0.111461
3.16 0.107772
3.17 0.10216
3.18 0.0948389
3.19 0.0860508
3.2 0.0759901
3.21 0.0647825
3.22 0.0525196
3.23 0.0393259
3.24 0.0254081
3.25 0.0110535
3.26 -0.00342688
3.27 -0.0177697
3.28 -0.0318014
3.29 -0.0454226
3.3 -0.0585469
3.31 -0.0710356
3.32 -0.0826702
3.33 -0.0931825
3.34 -0.102321
3.35 -0.109912
3.36 -0.11587
3.37 -0.120161
3.38 -0.122742
3.39 -0.123517
3.4 -0.122347
3.41 -0.119103
3.42 -0.11374
3.43 -0.106329
3.44 -0.0970401
3.45 -0.0860873
3.46 -0.0736673
3.47 -0.0599373
3.48 -0.0450417
3.49 -0.0291668
3.5 -0.0125849
3.51 0.00434791
3.52 0.0212407
3.53 0.0377369
3.54 0.0535601
3.55 0.0685125
3.56 0.0824307
3.57 0.0951326
3.58 0.106392
3.59 0.115964
3.6 0.123634
3.61 0.12928
3.62 0.132873
3.63 0.134454
3.64 0.134069
3.65 0.13173
3.66 0.127409
3.67 0.121076
3.68 0.112761
3.69 0.102582
3.7 0.090734
3.71 0.0774427
3.72 0.0629138
3.73 0.0473107
3.74 0.030777
3.75 0.013486
3.76 -0.00431534
3.77 -0.0223006
3.78 -0.040101
3.79 -0.0573626
3.8 -0.0737889
3.81 -0.0891449
3.82 -0.103225
3.83 -0.115808
3.84 -0.126638
3.85 -0.135444
3.86 -0.141991
3.87 -0.14613
3.88 -0.147816
3.89 -0.147085
3.9 -0.14401
3.91 -0.138655
3.92 -0.131071
3.93 -0.121322
3.94 -0.109533
3.95 -0.0959107
3.96 -0.0807385
3.97 -0.0643285
3.98 -0.0469736
3.99 -0.0289209
4 -0.010383
4.01 0.00842179
4.02 0.027232
4.03 0.045734
4.04 0.0635891
4.05 0.0804806
4.06 0.0961496
4.07 0.1104
4.08 0.123068
4.09 0.133984
4.1 0.142948
4.11 0.14974
4.12 0.154167
4.13 0.156099
4.14 0.155498
4.15 0.1524
4.16 0.146876
4.17 0.139001
4.18 0.128843
4.19 0.116491
4.2 0.102093
4.21 0.0858794
4.22 0.0681617
4.23 0.0492927
4.24 0.0296219
4.25 0.0094669
4.26 -0.0108834
4.27 -0.0311405
4.28 -0.0509866
4.29 -0.0700682
4.3 -0.0880208
4.31 -0.104511
4.32 -0.119272
4.33 -0.132113
4.34 -0.142893
4.35 -0.15149
4.36 -0.157772
4.37 -0.161604
4.38 -0.162881
4.39 -0.161556
4.4 -0.157667
4.41 -0.151315
4.42 -0.142637
4.43 -0.131768
4.44 -0.118834
4.45 -0.103968
4.46 -0.0873443
4.47 -0.0692045
4.48 -0.0498548
4.49 -0.0296399
4.5 -0.00890407
4.51 0.0120337
4.52 0.0328789
4.53 0.0533379
4.54 0.0730919
4.55 0.0917899
4.56 0.109069
4.57 0.124591
4.58 0.138078
4.59 0.149326
4.6 0.158188
4.61 0.164546
4.62 0.168292
4.63 0.169331
4.64 0.167603
4.65 0.163117
4.66 0.155965
4.67 0.146313
4.68 0.134368
4.69 0.120346
4.7 0.104459
4.71 0.0869227
4.72 0.0679812
4.73 0.0479278
4.74 0.027104
4.75 0.00587539
4.76 -0.0154019
4.77 -0.0364058
4.78 -0.0568488
4.79 -0.0764586
4.8 -0.0949537
4.81 -0.112033
4.82 -0.127391
4.83 -0.140742
4.84 -0.151859
4.85 -0.160575
4.86 -0.166779
4.87 -0.170392
4.88 -0.171341
4.89 -0.16957
4.9 -0.165054
4.91 -0.157829
4.92 -0.148008
4.93 -0.135775
4.94 -0.121364
4.95 -0.105025
4.96 -0.0870096
4.97 -0.0675808
4.98 -0.0470269
4.99 -0.0256801
5 -0.00391468
5.01 0.0178744
5.02 0.0393037
5.03 0.0600262
5.04 0.0797365
5.05 0.0981579
5.06 0.115022
5.07 0.13006
5.08 0.143011
5.09 0.153647
5.1 0.161798
5.11 0.167361
5.12 0.170291
5.13 0.170578
5.14 0.168228
5.15 0.163258
5.16 0.155714
5.17 0.145688
5.18 0.133336
5.19 0.118874
5.2 0.102558
5.21 0.0846538
5.22 0.0654315
5.23 0.0451616
5.24 0.0241342
5.25 0.00267393
5.26 -0.0188591
5.27 -0.040086
5.28 -0.0606369
5.29 -0.0801738
5.3 -0.0983983
5.31 -0.115043
5.32 -0.129854
5.33 -0.142586
5.34 -0.153008
5.35 -0.160923
5.36 -0.166197
5.37 -0.168762
5.38 -0.168615
5.39 -0.165797
5.4 -0.160371
5.41 -0.152424
5.42 -0.142066
5.43 -0.129455
5.44 -0.114803
5.45 -0.0983743
5.46 -0.0804649
5.47 -0.0613801
5.48 -0.041418
5.49 -0.0208697
5.5 -3.09027e-05
5.51 0.020784
5.52 0.0412399
5.53 0.0609933
5.54 0.0797156
5.55 0.0971121
5.56 0.112929
5.57 0.126946
5.58 0.138963
5.59 0.148787
5.6 0.156243
5.61 0.161186
5.62 0.163524
5.63 0.163225
5.64 0.16032
5.65 0.15488
5.66 0.147003
5.67 0.136808
5.68 0.12444
5.69 0.110086
5.7 0.0939836
5.71 0.0764179
5.72 0.0577053
5.73 0.0381711
5.74 0.0181339
5.75 -0.0020984
5.76 -0.0222206
5.77 -0.0419198
5.78 -0.0608738
5.79 -0.0787624
5.8 -0.0952866
5.81 -0.110187
5.82 -0.123252
5.83 -0.134309
5.84 -0.143215
5.85 -0.149843
5.86 -0.154087
5.87 -0.155871
5.88 -0.155166
5.89 -0.152
5.9 -0.146452
5.91 -0.138636
5.92 -0.128693
5.93 -0.116775
5.94 -0.103055
5.95 -0.0877349
5.96 -0.0710568
5.97 -0.0533014
5.98 -0.0347741
5.99 -0.0157873
6 0.00335487
6.01 0.0223606
6.02 0.0409443
6.03 0.058818
6.04 0.0756892
6.05 0.0912703
6.06 0.105296
6.07 0.117538
6.08 0.127819
6.09 0.135999
6.1 0.141977
6.11 0.145672
6.12 0.147026
6.13 0.146016
6.14 0.142664
6.15 0.137044
6.16 0.129279
6.17 0.119528
6.18 0.107972
6.19 0.0948015
6.2 0.0802203
6.21 0.0644528
6.22 0.0477511
6.23 0.0303938
6.24 0.0126748
6.25 -0.0051123
6.26 -0.0226883
6.27 -0.0397924
6.28 -0.0561769
6.29 -0.0715996
6.3 -0.08582
6.31 -0.0986053
6.32 -0.109745
6.33 -0.119062
6.34 -0.126425
6.35 -0.131741
6.36 -0.134949
6.37 -0.136011
6.38 -0.134909
6.39 -0.131655
6.4 -0.126302
6.41 -0.118949
6.42 -0.109737
6.43 -0.0988451
6.44 -0.086468
6.45 -0.072813
6.46 -0.0580966
6.47 -0.0425507
6.48 -0.0264279
6.49 -0.0100003
6.5 0.00645012
6.51 0.0226465
6.52 0.0383298
6.53 0.0532647
6.54 0.0672354
6.55 0.0800393
6.56 0.0914834
6.57 0.101388
6.58 0.109597
6.59 0.11599
6.6 0.120487
6.61 0.123048
6.62 0.123663
6.63 0.12234
6.64 0.11911
6.65 0.114022
6.66 0.107159
6.67 0.0986414
6.68 0.0886241
6.69 0.0772889
6.7 0.0648322
6.71 0.0514563
6.72 0.0373683
6.73 0.0227846
6.74 0.00793588
6.75 -0.00693291
6.76 -0.0215704
6.77 -0.0357314
6.78 -0.0491887
6.79 -0.0617385
6.8 -0.0731984
6.81 -0.0834018
6.82 -0.0921951
6.83 -0.0994397
6.84 -0.105021
6.85 -0.10886
6.86 -0.110914
6.87 -0.111181
6.88 -0.109687
6.89 -0.106481
6.9 -0.101626
6.91 -0.0952072
6.92 -0.087334
6.93 -0.0781457
6.94 -0.0678099
6.95 -0.0565141
6.96 -0.0444544
6.97 -0.0318275
6.98 -0.0188281
6.99 -0.00565278
7 0.00749593
7.01 0.0204085
7.02 0.0328742
7.03 0.044691
7.04 0.0556757
7.05 0.0656686
7.06 0.0745311
7.07 0.0821415
7.08 0.0883903
7.09 0.0931822
7.1 0.0964424
7.11 0.0981253
7.12 0.0982196
7.13 0.0967471
7.14 0.0937559
7.15 0.0893131
7.16 0.0835005
7.17 0.076416
7.18 0.0681781
7.19 0.0589301
7.2 0.0488381
7.21 0.0380847
7.22 0.0268582
7.23 0.0153447
7.24 0.0037252
7.25 -0.00782274
7.26 -0.019121
7.27 -0.0299905
7.28 -0.0402552
7.29 -0.049751
7.3 -0.058334
7.31 -0.0658846
7.32 -0.0723061
7.33 -0.0775194
7.34 -0.0814591
7.35 -0.084073
7.36 -0.0853266
7.37 -0.0852099
7.38 -0.0837413
7.39 -0.0809662
7.4 -0.0769514
7.41 -0.0717782
7.42 -0.0655377
7.43 -0.0583315
7.44 -0.0502756
7.45 -0.041504
7.46 -0.0321679
7.47 -0.0224305
7.48 -0.0124583
7.49 -0.00241397
7.5 0.00754653
7.51 0.0172726
7.52 0.026616
7.53 0.0354295
7.54 0.0435703
7.55 0.0509075
7.56 0.0573295
7.57 0.0627475
7.58 0.0670954
7.59 0.0703248
7.6 0.0724013
7.61 0.0733034
7.62 0.0730255
7.63 0.0715834
7.64 0.069017
7.65 0.0653895
7.66 0.0607818
7.67 0.0552856
7.68 0.0489993
7.69 0.0420269
7.7 0.0344807
7.71 0.0264846
7.72 0.0181739
7.73 0.00969037
7.74 0.00117574
7.75 -0.00723478
7.76 -0.0154151
7.77 -0.0232468
7.78 -0.0306164
7.79 -0.0374127
7.8 -0.0435301
7.81 -0.0488731
7.82 -0.0533627
7.83 -0.0569401
7.84 -0.0595659
7.85 -0.0612162
7.86 -0.0618791
7.87 -0.061553
7.88 -0.0602493
7.89 -0.0579966
7.9 -0.0548432
7.91 -0.050857
7.92 -0.0461207
7.93 -0.0407257
7.94 -0.034768
7.95 -0.0283464
7.96 -0.0215652
7.97 -0.0145359
7.98 -0.00737765
7.99 -0.000212939
8 0.00683807
8.01 0.0136633
8.02 0.0201614
8.03 0.0262409
8.04 0.0318173
8.05 0.0368108
8.06 0.0411478
8.07 0.0447646
8.08 0.0476124
8.09 0.0496597
8.1 0.0508922
8.11 0.0513086
8.12 0.0509171
8.13 0.0497333
8.14 0.0477817
8.15 0.0450993
8.16 0.0417376
8.17 0.0377629
8.18 0.0332524
8.19 0.0282891
8.2 0.0229579
8.21 0.0173445
8.22 0.0115371
8.23 0.0056284
8.24 -0.000283883
8.25 -0.00609981
8.26 -0.0117223
8.27 -0.017062
8.28 -0.0220398
8.29 -0.0265866
8.3 -0.0306404
8.31 -0.0341446
8.32 -0.0370486
8.33 -0.0393109
8.34 -0.040903
8.35 -0.041812
8.36 -0.0420397
8.37 -0.0416
8.38 -0.0405146
8.39 -0.0388108
8.4 -0.0365224
8.41 -0.0336919
8.42 -0.0303728
8.43 -0.0266288
8.44 -0.0225314
8.45 -0.0181549
8.46 -0.0135732
8.47 -0.00885814
8.48 -0.00408114
8.49 0.000684707
8.5 0.00536389
8.51 0.00988036
8.52 0.0141613
8.53 0.0181411
8.54 0.0217636
8.55 0.0249816
8.56 0.0277544
8.57 0.0300456
8.58 0.0318237
8.59 0.033064
8.6 0.0337521
8.61 0.0338859
8.62 0.0334761
8.63 0.0325425
8.64 0.0311117
8.65 0.0292141
8.66 0.026885
8.67 0.0241657
8.68 0.021106
8.69 0.0177636
8.7 0.0142018
8.71 0.0104856
8.72 0.00667812
8.73 0.00283953
8.74 -0.000972349
8.75 -0.00469999
8.76 -0.00828544
8.77 -0.0116715
8.78 -0.0148047
8.79 -0.0176388
8.8 -0.0201366
8.81 -0.022269
8.82 -0.0240134
8.83 -0.025351
8.84 -0.0262665
8.85 -0.02675
8.86 -0.0267988
8.87 -0.0264199
8.88 -0.0256298
8.89 -0.024452
8.9 -0.0229141
8.91 -0.021046
8.92 -0.0188798
8.93 -0.0164516
8.94 -0.0138031
8.95 -0.0109815
8.96 -0.00803865
8.97 -0.00502682
8.98 -0.00199633
8.99 0.00100583
9 0.00393529
9.01 0.00674865
9.02 0.00940267
9.03 0.0118549
9.04 0.0140664
9.05 0.0160044
9.06 0.0176442
9.07 0.0189686
9.08 0.0199662
9.09 0.0206293
9.1 0.020953
9.11 0.0209366
9.12 0.0205851
9.13 0.0199113
9.14 0.018935
9.15 0.0176818
9.16 0.0161797
9.17 0.0144575
9.18 0.0125446
9.19 0.0104719
9.2 0.00827372
9.21 0.00598807
9.22 0.00365534
9.23 0.00131573
9.24 -0.000993163
9.25 -0.00323738
9.26 -0.0053859
9.27 -0.00740916
9.28 -0.00927784
9.29 -0.0109633
9.3 -0.0124392
9.31 -0.0136843
9.32 -0.0146836
9.33 -0.0154283
9.34 -0.0159141
9.35 -0.0161395
9.36 -0.0161049
9.37 -0.0158135
9.38 -0.0152729
9.39 -0.0144963
9.4 -0.0135032
9.41 -0.012317
9.42 -0.0109634
9.43 -0.00946795
9.44 -0.00785616
9.45 -0.00615406
9.46 -0.00438966
9.47 -0.00259339
9.48 -0.000797129
9.49 0.000968006
9.5 0.00267378
9.51 0.00429574
9.52 0.00581281
9.53 0.00720579
9.54 0.00845619
9.55 0.00954619
9.56 0.01046
9.57 0.0111856
9.58 0.0117164
9.59 0.0120503
9.6 0.0121888
9.61 0.0121354
9.62 0.0118942
9.63 0.0114707
9.64 0.0108731
9.65 0.0101137
9.66 0.00920913
9.67 0.00817886
9.68 0.00704376
9.69 0.00582426
9.7 0.00454002
9.71 0.00321072
9.72 0.00185725
9.73 0.000502383
9.74 -0.000829968
9.75 -0.00211654
9.76 -0.00333646
9.77 -0.00447226
9.78 -0.00550956
9.79 -0.00643582
9.8 -0.00723928
9.81 -0.00790876
9.82 -0.00843469
9.83 -0.00881075
9.84 -0.0090348
9.85 -0.00910884
9.86 -0.00903781
9.87 -0.00882793
9.88 -0.00848581
9.89 -0.00801851
9.9 -0.00743475
9.91 -0.00674598
9.92 -0.00596655
9.93 -0.00511287
9.94 -0.00420178
9.95 -0.0032492
9.96 -0.00226967
9.97 -0.00127705
9.98 -0.000285693
9.99 0.000688805
10 0.00163007
10.01 0.00252221
10.02 0.00335126
10.03 0.00410607
10.04 0.00477799
10.05 0.00535989
10.06 0.005845
10.07 0.00622667
10.08 0.00649924
10.09 0.00665927
10.1 0.00670659
10.11 0.0066443
10.12 0.00647784
10.13 0.00621369
10.14 0.00585835
10.15 0.00541846
10.16 0.00490175
10.17 0.00431791
10.18 0.0036789
10.19 0.00299825
10.2 0.0022897
10.21 0.00156591
10.22 0.000837984
10.23 0.000115967
10.24 -0.000590091
10.25 -0.00126951
10.26 -0.00191114
10.27 -0.00250437
10.28 -0.00304034
10.29 -0.00351263
10.3 -0.00391709
10.31 -0.00425087
10.32 -0.00451128
10.33 -0.00469552
10.34 -0.00480114
10.35 -0.00482711
10.36 -0.00477468
10.37 -0.00464748
10.38 -0.0044508
10.39 -0.00419044
10.4 -0.00387182
10.41 -0.00350012
10.42 -0.00308096
10.43 -0.00262134
10.44 -0.00213001
10.45 -0.001617
10.46 -0.00109252
10.47 -0.000565926
10.48 -4.5135e-05
10.49 0.000462875
10.5 0.000951241
10.51 0.0014126
10.52 0.00183914
10.53 0.00222342
10.54 0.00255943
10.55 0.00284323
10.56 0.00307297
10.57 0.00324793
10.58 0.00336763
10.59 0.00343142
10.6 0.00343881
10.61 0.00339028
10.62 0.003288
10.63 0.00313602
10.64 0.00293961
10.65 0.00270422
10.66 0.0024347
10.67 0.00213528
10.68 0.00181013
10.69 0.00146419
10.7 0.00110358
10.71 0.000735303
10.72 0.000366464
10.73 3.25745e-06
10.74 -0.000349381
10.75 -0.000687417
10.76 -0.00100698
10.77 -0.00130369
10.78 -0.00157263
10.79 -0.00180896
10.8 -0.00200873
10.81 -0.00216966
10.82 -0.002291
10.83 -0.00237292
10.84 -0.0024157
10.85 -0.00241933
10.86 -0.00238377
10.87 -0.00230963
10.88 -0.00219883
10.89 -0.00205486
10.9 -0.00188226
10.91 -0.00168572
10.92 -0.0014694
10.93 -0.00123676
10.94 -0.00099108
10.95 -0.00073605
10.96 -0.000476212
10.97 -0.000216804
10.98 3.69851e-05
10.99 0.000280834
11 0.000511626
11.01 0.000727217
11.02 0.000925745
11.03 0.00110502
11.04 0.00126239
11.05 0.0013951
11.06 0.00150106
11.07 0.00157942
11.08 0.0016305
11.09 0.0016553
11.1 0.00165472
11.11 0.00162923
11.12 0.00157899
11.13 0.00150438
11.14 0.00140674
11.15 0.00128856
11.16 0.00115315
11.17 0.00100394
11.18 0.000843866
11.19 0.000675236
11.2 0.000500117
11.21 0.00032088
11.22 0.000140661
11.23 -3.67448e-05
11.24 -0.000207506
11.25 -0.000368425
11.26 -0.000517341
11.27 -0.00065295
11.28 -0.000774261
11.29 -0.000880094
11.3 -0.00096884
11.31 -0.00103879
11.32 -0.00108877
11.33 -0.00111862
11.34 -0.00112923
11.35 -0.00112204
11.36 -0.00109844
11.37 -0.00105938
11.38 -0.00100536
11.39 -0.000936885
11.4 -0.00085511
11.41 -0.000761988
11.42 -0.00066007
11.43 -0.000551902
11.44 -0.0004395
11.45 -0.000324238
11.46 -0.000207095
11.47 -8.92179e-05
11.48 2.76282e-05
11.49 0.000141106
11.5 0.000248732
11.51 0.000348473
11.52 0.000439084
11.53 0.000519974
11.54 0.00059081
11.55 0.000651008
11.56 0.000699506
11.57 0.00073505
11.58 0.000756707
11.59 0.000764343
11.6 0.000758692
11.61 0.000740989
11.62 0.00071249
11.63 0.000674065
11.64 0.000626168
11.65 0.00056925
11.66 0.000504217
11.67 0.000432676
11.68 0.000356738
11.69 0.000278504
11.7 0.000199631
11.71 0.000121123
11.72 4.35261e-05
11.73 -3.25729e-05
11.74 -0.000106177
11.75 -0.00017583
11.76 -0.000239961
11.77 -0.000297391
11.78 -0.000347582
11.79 -0.000390598
11.8 -0.00042674
11.81 -0.000456044
11.82 -0.000478083
11.83 -0.000492118
11.84 -0.000497545
11.85 -0.000494319
11.86 -0.000483013
11.87 -0.0004646
11.88 -0.000440034
11.89 -0.000409858
11.9 -0.00037422
11.91 -0.000333177
11.92 -0.000287135
11.93 -0.00023711
11.94 -0.000184571
11.95 -0.000131083
11.96 -7.78926e-05
11.97 -2.56992e-05
11.98 2.51698e-05
11.99 7.43856e-05
12 0.000121268
12.01 0.00016472
12.02 0.000203544
12.03 0.000236827
12.04 0.000264218
12.05 0.000285957
12.06 0.000302523
12.07 0.000314242
12.08 0.000321054
12.09 0.000322597
12.1 0.000318598
12.11 0.000309183
12.12 0.000294975
12.13 0.000276943
12.14 0.000255981
12.15 0.000232598
12.16 0.000206866
12.17 0.000178661
12.18 0.000148087
12.19 0.000115672
12.2 8.23218e-05
12.21 4.90533e-05
12.22 1.66052e-05
12.23 -1.47266e-05
12.24 -4.49766e-05
12.25 -7.4182e-05
12.26 -0.000102028
12.27 -0.000127814
12.28 -0.000150655
12.29 -0.000169802
12.3 -0.000184959
12.31 -0.00019629
12.32 -0.00020418
12.33 -0.000208904
12.34 -0.00021038
12.35 -0.000208286
12.36 -0.000202341
12.37 -0.000192583
12.38 -0.000179528
12.39 -0.000164012
12.4 -0.000146865
12.41 -0.000128616
12.42 -0.000109382
12.43 -8.9109e-05
12.44 -6.78637e-05
12.45 -4.6026e-05
12.46 -2.43056e-05
12.47 -3.47747e-06
12.48 1.59268e-05
12.49 3.37881e-05
12.5 5.03447e-05
12.51 6.5861e-05
12.52 8.03521e-05
12.53 9.35079e-05
12.54 0.000104796
12.55 0.000113768
12.56 0.000120303
12.57 0.000124639
12.58 0.000127204
12.59 0.000128274
12.6 0.000127799
12.61 0.000125468
12.62 0.000120915
12.63 0.000114016
12.64 0.00010503
12.65 9.4505e-05
12.66 8.3033e-05
12.67 7.09504e-05
12.68 5.82792e-05
12.69 4.48988e-05
12.7 3.07696e-05
12.71 1.6159e-05
12.72 1.63936e-06
12.73 -1.21173e-05
12.74 -2.4598e-05
12.75 -3.56666e-05
12.76 -4.54934e-05
12.77 -5.43079e-05
12.78 -6.21901e-05
12.79 -6.89375e-05
12.8 -7.41718e-05
12.81 -7.75837e-05
12.82 -7.91317e-05
12.83 -7.91296e-05
12.84 -7.80575e-05
12.85 -7.62819e-05
12.86 -7.39094e-05
12.87 -7.07642e-05
12.88 -6.65799e-05
12.89 -6.12454e-05
12.9 -5.49245e-05
12.91 -4.80347e-05
12.92 -4.10006e-05
12.93 -3.40151e-05
12.94 -2.70017e-05
12.95 -1.97019e-05
12.96 -1.19146e-05
12.97 -3.69457e-06
12.98 4.63155e-06
12.99 1.25821e-05
13 1.97888e-05
13.01 2.61678e-05
13.02 3.18588e-05
13.03 3.70745e-05
13.04 4.18781e-05
13.05 4.6075e-05
13.06 4.93044e-05
13.07 5.12126e-05
13.08 5.16905e-05
13.09 5.09437e-05
13.1 4.93328e-05
13.11 4.71888e-05
13.12 4.46315e-05
13.13 4.15499e-05
13.14 3.77608e-05
13.15 3.31823e-05
13.16 2.79939e-05
13.17 2.25979e-05
13.18 1.73962e-05
13.19 1.26216e-05
13.2 8.23866e-06
13.21 4.02028e-06
13.22 -2.45673e-07
13.23 -4.60921e-06
13.24 -8.8769e-06
13.25 -1.27283e-05
13.26 -1.59489e-05
13.27 -1.85367e-05
13.28 -2.07056e-05
13.29 -2.27377e-05
13.3 -2.47774e-05
13.31 -2.67513e-05
13.32 -2.83799e-05
13.33 -2.93547e-05
13.34 -2.95548e-05
13.35 -2.90801e-05
13.36 -2.81812e-05
13.37 -2.70845e-05
13.38 -2.58296e-05
13.39 -2.4273e-05
13.4 -2.21727e-05
13.41 -1.93792e-05
13.42 -1.59918e-05
13.43 -1.23005e-05
13.44 -8.65273e-06
13.45 -5.27759e-06
13.46 -2.18199e-06
13.47 7.7302e-07
13.48 3.75064e-06
13.49 6.77226e-06
13.5 9.63987e-06
13.51 1.2068e-05
13.52 1.38367e-05
13.53 1.49225e-05
13.54 1.55181e-05
13.55 1.58882e-05
13.56 1.62331e-05
13.57 1.65662e-05
13.58 1.67106e-05
13.59 1.6475e-05
13.6 1.57899e-05
13.61 1.47732e-05
13.62 1.36775e-05
13.63 1.27158e-05
13.64 1.19557e-05
13.65 1.12694e-05
13.66 1.04039e-05
13.67 9.18116e-06
13.68 7.59596e-06
13.69 5.81486e-06
13.7 4.07366e-06
13.71 2.5057e-06
13.72 1.0883e-06
13.73 -3.40231e-07
13.74 -1.96897e-06
13.75 -3.834e-06
13.76 -5.78898e-06
13.77 -7.57596e-06
13.78 -8.95957e-06
13.79 -9.87274e-06
13.8 -1.04099e-05
13.81 -1.07571e-05
13.82 -1.10669e-05
13.83 -1.13196e-05
13.84 -1.136e-05
13.85 -1.10096e-05
13.86 -1.01911e-05
13.87 -9.01646e-06
13.88 -7.71144e-06
13.89 -6.50821e-06
13.9 -5.5307e-06
13.91 -4.71083e-06
13.92 -3.88341e-06
13.93 -2.91599e-06
13.94 -1.80317e-06
13.95 -6.95261e-07
13.96 2.21726e-07
13.97 8.33503e-07
13.98 1.16826e-06
13.99 1.41339e-06
14 1.77448e-06
14.01 2.35137e-06
14.02 3.09056e-06
14.03 3.81317e-06
14.04 4.36049e-06
14.05 4.68096e-06
14.06 4.85188e-06
14.07 5.04696e-06
14.08 5.38352e-06
14.09 5.83709e-06
14.1 6.25473e-06
14.11 6.43017e-06
14.12 6.25221e-06
14.13 5.7518e-06
14.14 5.07193e-06
14.15 4.39986e-06
14.16 3.82225e-06
14.17 3.28609e-06
14.18 2.65961e-06
14.19 1.82446e-06
14.2 7.95681e-07
14.21 -2.86829e-07
14.22 -1.23429e-06
14.23 -1.8904e-06
14.24 -2.24636e-06
14.25 -2.4257e-06
14.26 -2.58562e-06
14.27 -2.82523e-06
14.28 -3.1033e-06
14.29 -3.29332e-06
14.3 -3.27953e-06
14.31 -3.02224e-06
14.32 -2.62491e-06
14.33 -2.26782e-06
14.34 -2.09176e-06
14.35 -2.12943e-06
14.36 -2.2723e-06
14.37 -2.36633e-06
14.38 -2.31303e-06
14.39 -2.10774e-06
14.4 -1.86335e-06
14.41 -1.71428e-06
14.42 -1.71036e-06
14.43 -1.79025e-06
14.44 -1.79671e-06
14.45 -1.5953e-06
14.46 -1.15749e-06
14.47 -5.57897e-07
14.48 4.39228e-08
14.49 5.16e-07
14.5 8.3741e-07
14.51 1.08386e-06
14.52 1.381e-06
14.53 1.78793e-06
14.54 2.25051e-06
14.55 2.64699e-06
14.56 2.83299e-06
14.57 2.74745e-06
14.58 2.45671e-06
14.59 2.09712e-06
14.6 1.80794e-06
14.61 1.62965e-06
14.62 1.49562e-06
14.63 1.3079e-06
14.64 9.87053e-07
14.65 5.52994e-07
14.66 1.25389e-07
14.67 -1.63525e-07
14.68 -2.34218e-07
14.69 -1.28442e-07
14.7 2.56926e-08
14.71 1.11169e-07
14.72 6.4778e-08
14.73 -7.22791e-08
14.74 -1.88896e-07
14.75 -2.01989e-07
14.76 -1.01718e-07
14.77 1.88921e-08
14.78 3.1433e-08
14.79 -1.29408e-07
14.8 -4.49235e-07
14.81 -8.21175e-07
14.82 -1.10953e-06
14.83 -1.24624e-06
14.84 -1.24875e-06
14.85 -1.21581e-06
14.86 -1.24341e-06
14.87 -1.3423e-06
14.88 -1.45435e-06
14.89 -1.46983e-06
14.9 -1.30137e-06
14.91 -9.59211e-07
14.92 -5.32067e-07
14.93 -1.52698e-07
14.94 9.10152e-08
14.95 2.13897e-07
14.96 2.85962e-07
14.97 3.97439e-07
14.98 5.90172e-07
14.99 8.1168e-07
15 9.65939e-07
15.01 9.60786e-07
15.02 7.82164e-07
15.03 5.15995e-07
15.04 2.71156e-07
15.05 1.37025e-07
15.06 1.30112e-07
15.07 1.78908e-07
15.08 1.9685e-07
15.09 1.28565e-07
15.1 4.10034e-10
15.11 -9.01644e-08
15.12 -6.60013e-08
15.13 9.83564e-08
15.14 3.51003e-07
15.15 5.79067e-07
15.16 6.94701e-07
15.17 6.6927e-07
15.18 5.56295e-07
15.19 4.54958e-07
15.2 4.16822e-07
15.21 4.34504e-07
15.22 4.42412e-07
15.23 3.52198e-07
15.24 1.34084e-07
15.25 -1.74351e-07
15.26 -4.75304e-07
15.27 -6.65035e-07
15.28 -7.1774e-07
15.29 -6.71152e-07
15.3 -6.03084e-07
15.31 -5.87203e-07
15.32 -6.25645e-07
15.33 -6.66267e-07
15.34 -6.2955e-07
15.35 -4.64147e-07
15.36 -2.07646e-07
15.37 5.72329e-08
15.38 2.42333e-07
15.39 2.96084e-07
15.4 2.49331e-07
15.41 1.73102e-07
15.42 1.40358e-07
15.43 1.78433e-07
15.44 2.33482e-07
15.45 2.35349e-07
15.46 1.38743e-07
15.47 -5.03834e-08
15.48 -2.55828e-07
15.49 -3.93402e-07
15.5 -4.0976e-07
15.51 -3.12986e-07
15.52 -1.81805e-07
15.53 -8.64635e-08
15.54 -5.46156e-08
15.55 -6.3796e-08
15.56 -4.33963e-08
15.57 5.59974e-08
15.58 2.3642e-07
15.59 4.45295e-07
15.6 5.88932e-07
15.61 6.15491e-07
15.62 5.32421e-07
15.63 3.92225e-07
15.64 2.74095e-07
15.65 2.15408e-07
15.66 2.02553e-07
15.67 1.83346e-07
15.68 9.20293e-08
15.69 -7.67302e-08
15.7 -2.73898e-07
15.71 -4.29703e-07
15.72 -4.79101e-07
15.73 -4.19304e-07
15.74 -2.97203e-07
15.75 -1.80058e-07
15.76 -1.26219e-07
15.77 -1.25375e-07
15.78 -1.2598e-07
15.79 -7.88883e-08
15.8 4.16878e-08
15.81 1.99039e-07
15.82 3.27351e-07
15.83 3.69613e-07
15.84 3.00745e-07
15.85 1.66894e-07
15.86 3.80221e-08
15.87 -3.93979e-08
15.88 -5.33733e-08
15.89 -4.74878e-08
15.9 -7.40306e-08
15.91 -1.58054e-07
15.92 -2.88208e-07
15.93 -3.98218e-07
15.94 -4.2679e-07
15.95 -3.58284e-07
15.96 -2.1684e-07
15.97 -6.91348e-08
15.98 3.07441e-08
15.99 6.95161e-08
16 6.86701e-08
16.01 8.76255e-08
16.02 1.60999e-07
16.03 2.72333e-07
16.04 3.77901e-07
16.05 4.16096e-07
16.06 3.61045e-07
16.07 2.35381e-07
16.08 8.72723e-08
16.09 -1.76534e-08
16.1 -5.5776e-08
16.11 -5.49692e-08
16.12 -5.68146e-08
16.13 -1.0321e-07
16.14 -1.91807e-07
16.15 -2.80669e-07
16.16 -3.23303e-07
16.17 -2.7876e-07
16.18 -1.59457e-07
16.19 -2.10853e-08
16.2 8.58234e-08
16.21 1.27564e-07
16.22 1.19484e-07
16.23 1.06086e-07
16.24 1.20699e-07
16.25 1.80514e-07
16.26 2.53391e-07
16.27 2.83641e-07
16.28 2.42465e-07
16.29 1.29573e-07
16.3 -1.06189e-08
16.31 -1.21934e-07
16.32 -1.76703e-07
16.33 -1.71486e-07
16.34 -1.46169e-07
16.35 -1.48046e-07
16.36 -1.86252e-07
16.37 -2.43434e-07
16.38 -2.72824e-07
16.39 -2.36577e-07
16.4 -1.37778e-07
16.41 -2.40438e-09
16.42 1.14642e-07
16.43 1.70464e-07
16.44 1.70066e-07
16.45 1.40889e-07
16.46 1.26705e-07
16.47 1.49982e-07
16.48 1.9179e-07
16.49 2.21899e-07
16.5 1.99333e-07
16.51 1.10135e-07
16.52 -1.15864e-08
16.53 -1.22521e-07
16.54 -1.80731e-07
16.55 -1.77583e-07
16.56 -1.44319e-07
16.57 -1.1277e-07
16.58 -1.13507e-07
16.59 -1.4531e-07
16.6 -1.68338e-07
16.61 -1.50629e-07
16.62 -7.54792e-08
16.63 3.77468e-08
16.64 1.41022e-07
16.65 2.02226e-07
16.66 2.0325e-07
16.67 1.60544e-07
16.68 1.19368e-07
16.69 1.04449e-07
16.7 1.19862e-07
16.71 1.39439e-07
16.72 1.23463e-07
16.73 6.14987e-08
16.74 -3.87884e-08
16.75 -1.42436e-07
16.76 -2.02277e-07
16.77 -2.05822e-07
16.78 -1.64765e-07
16.79 -1.14013e-07
16.8 -8.96256e-08
16.81 -9.17139e-08
16.82 -1.05644e-07
16.83 -1.00758e-07
16.84 -4.84189e-08
16.85 3.93616e-08
16.86 1.3289e-07
16.87 1.93614e-07
16.88 1.96509e-07
16.89 1.57592e-07
16.9 1.02403e-07
16.91 6.23052e-08
16.92 5.73422e-08
16.93 6.74883e-08
16.94 6.54148e-08
16.95 2.74793e-08
16.96 -4.91775e-08
16.97 -1.30997e-07
16.98 -1.8777e-07
16.99 -1.96744e-07
17 -1.54541e-07
17.01 -9.47006e-08
17.02 -4.74201e-08
17.03 -3.01029e-08
17.04 -3.75244e-08
17.05 -3.63116e-08
17.06 -8.05537e-09
17.07 5.13819e-08
17.08 1.27921e-07
17.09 1.81719e-07
17.1 1.90483e-07
17.11 1.52826e-07
17.12 8.88995e-08
17.13 3.73557e-08
17.14 1.22705e-08
17.15 1.0817e-08
17.16 1.64771e-08
17.17 -2.43603e-09
17.18 -5.14786e-08
17.19 -1.15875e-07
17.2 -1.68324e-07
17.21 -1.76618e-07
17.22 -1.42064e-07
17.23 -8.24499e-08
17.24 -2.23894e-08
17.25 8.4091e-09
17.26 1.1761e-08
17.27 6.13734e-09
17.28 1.36435e-08
17.29 5.24582e-08
17.3 1.06244e-07
17.31 1.5023e-07
17.32 1.63946e-07
17.33 1.31723e-07
17.34 7.15574e-08
17.35 1.12667e-08
17.36 -2.71743e-08
17.37 -3.23749e-08
17.38 -2.57343e-08
17.39 -2.88485e-08
17.4 -5.17022e-08
17.41 -9.65624e-08
17.42 -1.37262e-07
17.43 -1.49139e-07
17.44 -1.22939e-07
17.45 -6.3398e-08
17.46 -2.59812e-09
17.47 3.69289e-08
17.48 5.04126e-08
17.49 4.15271e-08
17.5 3.64992e-08
17.51 5.1634e-08
17.52 8.44248e-08
17.53 1.21872e-07
17.54 1.33621e-07
17.55 1.08933e-07
17.56 5.79182e-08
17.57 -4.16075e-09
17.58 -4.78497e-08
17.59 -6.17845e-08
17.6 -5.49852e-08
17.61 -4.25537e-08
17.62 -4.90757e-08
17.63 -7.47417e-08
17.64 -1.02088e-07
17.65 -1.16196e-07
17.66 -9.7068e-08
17.67 -4.81068e-08
17.68 9.66312e-09
17.69 5.6694e-08
17.7 7.23548e-08
17.71 6.37437e-08
17.72 5.1399e-08
17.73 4.70396e-08
17.74 6.25817e-08
17.75 8.68644e-08
17.76 9.82286e-08
17.77 8.50314e-08
17.78 4.0326e-08
17.79 -1.62367e-08
17.8 -5.93724e-08
17.81 -8.00643e-08
17.82 -7.31229e-08
17.83 -5.49499e-08
17.84 -4.59849e-08
17.85 -5.14662e-08
17.86 -7.11122e-08
17.87 -8.33571e-08
17.88 -6.99229e-08
17.89 -3.38963e-08
17.9 1.80745e-08
17.91 6.32327e-08
17.92 8.30923e-08
17.93 7.90916e-08
17.94 5.77744e-08
17.95 4.17006e-08
17.96 4.37801e-08
17.97 5.47103e-08
17.98 6.56588e-08
17.99 5.84974e-08
18 2.57373e-08
18.01 -1.96558e-08
18.02 -6.42647e-08
18.03 -8.62767e-08
18.04 -7.97714e-08
18.05 -6.06482e-08
18.06 -3.99676e-08
18.07 -3.29553e-08
18.08 -4.1272e-08
18.09 -4.90786e-08
18.1 -4.6198e-08
18.11 -2.00963e-08
18.12 2.36469e-08
18.13 6.23559e-08
18.14 8.51805e-08
18.15 8.25762e-08
18.16 6.03624e-08
18.17 3.80841e-08
18.18 2.44396e-08
18.19 2.71579e-08
18.2 3.67959e-08
18.21 3.30513e-08
18.22 1.30949e-08
18.23 -2.27497e-08
18.24 -6.12581e-08
18.25 -8.22247e-08
18.26 -8.21619e-08
18.27 -6.08445e-08
18.28 -3.30757e-08
18.29 -1.85643e-08
18.3 -1.6004e-08
18.31 -2.17413e-08
18.32 -2.31824e-08
18.33 -6.57438e-09
18.34 2.25128e-08
18.35 5.71022e-08
18.36 8.0533e-08
18.37 7.81508e-08
18.38 5.88712e-08
18.39 3.18074e-08
18.4 1.07776e-08
18.41 6.29648e-09
18.42 9.18419e-09
18.43 1.21964e-08
18.44 3.18698e-09
18.45 -2.39729e-08
18.46 -5.33027e-08
18.47 -7.39583e-08
18.48 -7.5827e-08
18.49 -5.58137e-08
18.5 -2.93575e-08
18.51 -5.83841e-09
18.52 4.53739e-09
18.53 -2.41773e-10
18.54 -3.02511e-09
18.55 3.24673e-09
18.56 2.19455e-08
18.57 4.93696e-08
18.58 6.76631e-08
18.59 7.05746e-08
18.6 5.45504e-08
18.61 2.47452e-08
18.62 1.2915e-09
18.63 -1.04687e-08
18.64 -1.04527e-08
18.65 -4.39716e-09
18.66 -7.89526e-09
18.67 -2.14322e-08
18.68 -4.25785e-08
18.69 -6.28742e-08
18.7 -6.46837e-08
18.71 -4.938e-08
18.72 -2.35031e-08
18.73 3.32198e-09
18.74 1.61978e-08
18.75 1.78862e-08
18.76 1.31113e-08
18.77 9.77019e-09
18.78 2.07266e-08
18.79 3.86595e-08
18.8 5.41925e-08
18.81 5.9252e-08
18.82 4.48272e-08
18.83 2.04909e-08
18.84 -4.88095e-09
18.85 -2.28498e-08
18.86 -2.36857e-08
18.87 -1.7902e-08
18.88 -1.46411e-08
18.89 -1.86112e-08
18.9 -3.37076e-08
18.91 -4.71448e-08
18.92 -5.12022e-08
18.93 -4.21662e-08
18.94 -1.71674e-08
18.95 8.31936e-09
18.96 2.4667e-08
18.97 2.95949e-08
18.98 2.25018e-08
18.99 1.71071e-08
19 1.85751e-08
19.01 2.66388e-08
19.02 4.06416e-08
19.03 4.52898e-08
19.04 3.56681e-08
19.05 1.56462e-08
19.06 -1.03307e-08
19.07 -2.72008e-08
19.08 -3.20676e-08
19.09 -2.8216e-08
19.1 -1.83028e-08
19.11 -1.63692e-08
19.12 -2.33577e-08
19.13 -3.23491e-08
19.14 -3.86557e-08
19.15 -3.0888e-08
19.16 -1.21083e-08
19.17 9.65585e-09
19.18 2.959e-08
19.19 3.52356e-08
19.2 2.93855e-08
19.21 2.11146e-08
19.22 1.46846e-08
19.23 1.85377e-08
19.24 2.64406e-08
19.25 3.00257e-08
19.26 2.70697e-08
19.27 1.03459e-08
19.28 -1.1979e-08
19.29 -2.8771e-08
19.3 -3.69545e-08
19.31 -3.14367e-08
19.32 -2.13472e-08
19.33 -1.50935e-08
19.34 -1.301e-08
19.35 -1.9498e-08
19.36 -2.50213e-08
19.37 -2.08455e-08
19.38 -8.53453e-09
19.39 1.20936e-08
19.4 2.92676e-08
19.41 3.56556e-08
19.42 3.37629e-08
19.43 2.23329e-08
19.44 1.22591e-08
19.45 1.05193e-08
19.46 1.30233e-08
19.47 1.8588e-08
19.48 1.68685e-08
19.49 4.84156e-09
19.5 -1.06692e-08
19.51 -2.81077e-08
19.52 -3.66627e-08
19.53 -3.25418e-08
19.54 -2.31097e-08
19.55 -1.11997e-08
19.56 -6.3567e-09
19.57 -9.09047e-09
19.58 -1.1323e-08
19.59 -1.22944e-08
19.6 -4.30405e-09
19.61 1.18538e-08
19.62 2.60011e-08
19.63 3.52904e-08
19.64 3.27516e-08
19.65 2.15289e-08
19.66 1.15075e-08
19.67 3.28735e-09
19.68 2.89239e-09
19.69 7.5143e-09
19.7 7.37166e-09
19.71 2.34118e-09
19.72 -1.06907e-08
19.73 -2.54428e-08
19.74 -3.19816e-08
19.75 -3.18801e-08
19.76 -2.23043e-08
19.77 -8.8627e-09
19.78 -1.508e-09
19.79 1.2076e-09
19.8 -2.08804e-09
19.81 -4.73284e-09
19.82 8.27726e-10
19.83 9.70585e-09
19.84 2.20419e-08
19.85 3.1251e-08
19.86 2.94521e-08
19.87 2.14122e-08
19.88 8.4662e-09
19.89 -1.79269e-09
19.9 -3.30091e-09
19.91 -2.57508e-09
19.92 8.52159e-11
19.93 -7.63673e-10
19.94 -9.86884e-09
19.95 -1.96686e-08
19.96 -2.79641e-08
19.97 -2.85784e-08
19.98 -1.88662e-08
19.99 -8.07721e-09
20 2.47098e-09
