0.01 -7.78595e-08
0.02 -4.45609e-07
0.03 -1.31779e-06
0.04 -2.79585e-06
0.05 -4.88297e-06
0.06 -7.53288e-06
0.07 -1.06934e-05
0.08 -1.43132e-05
0.09 -1.83081e-05
0.1 -2.25144e-05
0.11 -2.66677e-05
0.12 -3.04311e-05
0.13 -3.34651e-05
0.14 -3.55038e-05
0.15 -3.63999e-05
0.16 -3.61179e-05
0.17 -3.46893e-05
0.18 -3.21663e-05
0.19 -2.86045e-05
0.2 -2.40867e-05
0.21 -1.87647e-05
0.22 -1.28843e-05
0.23 -6.76772e-06
0.24 -7.53358e-07
0.25 4.87674e-06
0.26 9.94463e-06
0.27 1.4377e-05
0.28 1.81656e-05
0.29 2.13185e-05
0.3 2.38356e-05
0.31 2.57225e-05
0.32 2.70286e-05
0.33 2.78754e-05
0.34 2.84496e-05
0.35 2.89546e-05
0.36 2.95452e-05
0.37 3.02795e-05
0.38 3.11149e-05
0.39 3.19441e-05
0.4 3.26463e-05
0.41 3.31209e-05
0.42 3.32838e-05
0.43 3.3038e-05
0.44 3.22439e-05
0.45 3.07201e-05
0.46 2.82824e-05
0.47 2.48032e-05
0.48 2.02602e-05
0.49 1.47454e-05
0.5 8.43465e-06
0.51 1.53592e-06
0.52 -5.74981e-06
0.53 -1.32353e-05
0.54 -2.07241e-05
0.55 -2.7983e-05
0.56 -3.47374e-05
0.57 -4.0702e-05
0.58 -4.56361e-05
0.59 -4.9392e-05
0.6 -5.19321e-05
0.61 -5.3305e-05
0.62 -5.35986e-05
0.63 -5.28995e-05
0.64 -5.12807e-05
0.65 -4.88205e-05
0.66 -4.56316e-05
0.67 -4.18731e-05
0.68 -3.77306e-05
0.69 -3.337e-05
0.7 -2.88923e-05
0.71 -2.4314e-05
0.72 -1.95861e-05
0.73 -1.4638e-05
0.74 -9.42134e-06
0.75 -3.92698e-06
0.76 1.82762e-06
0.77 7.82713e-06
0.78 1.40764e-05
0.79 2.05905e-05
0.8 2.73584e-05
0.81 3.43025e-05
0.82 4.12593e-05
0.83 4.79953e-05
0.84 5.42502e-05
0.85 5.97839e-05
0.86 6.44027e-05
0.87 6.79541e-05
0.88 7.03044e-05
0.89 7.13194e-05
0.9 7.08699e-05
0.91 6.88626e-05
0.92 6.52798e-05
0.93 6.02021e-05
0.94 5.37999e-05
0.95 4.62958e-05
0.96 3.79193e-05
0.97 2.88775e-05
0.98 1.93551e-05
0.99 9.53395e-06
1 -3.85494e-07
1.01 -1.01842e-05
1.02 -1.96493e-05
1.03 -2.8611e-05
1.04 -3.69692e-05
1.05 -4.46914e-05
1.06 -5.17836e-05
1.07 -5.82491e-05
1.08 -6.40602e-05
1.09 -6.91564e-05
1.1 -7.34658e-05
1.11 -7.69305e-05
1.12 -7.95169e-05
1.13 -8.12021e-05
1.14 -8.19446e-05
1.15 -8.16618e-05
1.16 -8.02304e-05
1.17 -7.75142e-05
1.18 -7.34052e-05
1.19 -6.78559e-05
1.2 -6.08873e-05
1.21 -5.25722e-05
1.22 -4.30101e-05
1.23 -3.23122e-05
1.24 -2.06088e-05
1.25 -8.07223e-06
1.26 5.06198e-06
1.27 1.84938e-05
1.28 3.1884e-05
1.29 4.48946e-05
1.3 5.72256e-05
1.31 6.86302e-05
1.32 7.89056e-05
1.33 8.78726e-05
1.34 9.53614e-05
1.35 0.000101218
1.36 0.000105326
1.37 0.000107634
1.38 0.000108163
1.39 0.000106989
1.4 0.000104215
1.41 9.99359e-05
1.42 9.42238e-05
1.43 8.71382e-05
1.44 7.8748e-05
1.45 6.91501e-05
1.46 5.84711e-05
1.47 4.68498e-05
1.48 3.44137e-05
1.49 2.12677e-05
1.5 7.50297e-06
1.51 -6.77573e-06
1.52 -2.14217e-05
1.53 -3.62325e-05
1.54 -5.09597e-05
1.55 -6.53336e-05
1.56 -7.90895e-05
1.57 -9.19781e-05
1.58 -0.000103759
1.59 -0.000114185
1.6 -0.000122995
1.61 -0.000129924
1.62 -0.000134731
1.63 -0.000137237
1.64 -0.000137337
1.65 -0.000135009
1.66 -0.000130289
1.67 -0.00012325
1.68 -0.000113993
1.69 -0.000102652
1.7 -8.94085e-05
1.71 -7.45047e-05
1.72 -5.82354e-05
1.73 -4.0925e-05
1.74 -2.28959e-05
1.75 -4.44502e-06
1.76 1.41605e-05
1.77 3.26702e-05
1.78 5.08324e-05
1.79 6.83842e-05
1.8 8.50591e-05
1.81 0.000100606
1.82 0.000114808
1.83 0.000127486
1.84 0.000138487
1.85 0.000147662
1.86 0.00015485
1.87 0.000159881
1.88 0.000162589
1.89 0.000162841
1.9 0.000160552
1.91 0.000155693
1.92 0.000148274
1.93 0.000138333
1.94 0.000125932
1.95 0.000111168
1.96 9.41944e-05
1.97 7.52365e-05
1.98 5.45942e-05
1.99 3.26257e-05
2 9.72115e-06
2.01 -1.37207e-05
2.02 -3.7302e-05
2.03 -6.06226e-05
2.04 -8.32724e-05
2.05 -0.000104832
2.06 -0.000124885
2.07 -0.000143049
2.08 -0.000158994
2.09 -0.000172457
2.1 -0.00018324
2.11 -0.000191192
2.12 -0.000196192
2.13 -0.000198149
2.14 -0.000197008
2.15 -0.000192767
2.16 -0.000185484
2.17 -0.000175274
2.18 -0.000162294
2.19 -0.000146719
2.2 -0.000128736
2.21 -0.000108546
2.22 -8.63793e-05
2.23 -6.25138e-05
2.24 -3.72756e-05
2.25 -1.1032e-05
2.26 1.58271e-05
2.27 4.29049e-05
2.28 6.98025e-05
2.29 9.61132e-05
2.3 0.000121412
2.31 0.000145256
2.32 0.00016719
2.33 0.000186777
2.34 0.000203621
2.35 0.000217382
2.36 0.000227783
2.37 0.000234603
2.38 0.000237669
2.39 0.000236861
2.4 0.000232119
2.41 0.000223467
2.42 0.000211014
2.43 0.000194961
2.44 0.000175575
2.45 0.000153176
2.46 0.000128116
2.47 0.000100775
2.48 7.15665e-05
2.49 4.09407e-05
2.5 9.38386e-06
2.51 -2.25971e-05
2.52 -5.44951e-05
2.53 -8.5821e-05
2.54 -0.000116111
2.55 -0.000144925
2.56 -0.000171832
2.57 -0.000196411
2.58 -0.000218251
2.59 -0.000236968
2.6 -0.000252226
2.61 -0.000263744
2.62 -0.0002713
2.63 -0.000274725
2.64 -0.000273894
2.65 -0.000268728
2.66 -0.000259207
2.67 -0.000245383
2.68 -0.000227396
2.69 -0.000205476
2.7 -0.000179932
2.71 -0.000151136
2.72 -0.000119513
2.73 -8.55334e-05
2.74 -4.97168e-05
2.75 -1.26333e-05
2.76 2.51018e-05
2.77 6.28445e-05
2.78 9.99465e-05
2.79 0.000135779
2.8 0.000169746
2.81 0.000201291
2.82 0.000229896
2.83 0.000255078
2.84 0.0002764
2.85 0.000293483
2.86 0.000306026
2.87 0.000313812
2.88 0.000316707
2.89 0.000314654
2.9 0.000307663
2.91 0.000295798
2.92 0.000279188
2.93 0.000258034
2.94 0.000232612
2.95 0.000203279
2.96 0.000170455
2.97 0.000134616
2.98 9.62738e-05
2.99 5.59787e-05
3 1.43162e-05
3.01 -2.80873e-05
3.02 -7.05678e-05
3.03 -0.000112437
3.04 -0.000153
3.05 -0.00019158
3.06 -0.000227531
3.07 -0.000260246
3.08 -0.000289159
3.09 -0.000313748
3.1 -0.000333545
3.11 -0.000348156
3.12 -0.000357275
3.13 -0.000360698
3.14 -0.000358331
3.15 -0.000350178
3.16 -0.000336336
3.17 -0.000316985
3.18 -0.000292393
3.19 -0.000262914
3.2 -0.000228994
3.21 -0.000191161
3.22 -0.000150013
3.23 -0.000106196
3.24 -6.03914e-05
3.25 -1.32982e-05
3.26 3.4366e-05
3.27 8.18685e-05
3.28 0.000128466
3.29 0.000173416
3.3 0.000215998
3.31 0.000255525
3.32 0.000291365
3.33 0.000322938
3.34 0.000349725
3.35 0.000371259
3.36 0.000387143
3.37 0.000397051
3.38 0.000400752
3.39 0.00039812
3.4 0.000389134
3.41 0.000373879
3.42 0.000352538
3.43 0.000325383
3.44 0.000292782
3.45 0.000255195
3.46 0.000213182
3.47 0.00016739
3.48 0.000118543
3.49 6.74217e-05
3.5 1.48429e-05
3.51 -3.83555e-05
3.52 -9.13242e-05
3.53 -0.00014321
3.54 -0.000193164
3.55 -0.00024036
3.56 -0.000284013
3.57 -0.0003234
3.58 -0.000357875
3.59 -0.000386875
3.6 -0.000409925
3.61 -0.000426637
3.62 -0.00043671
3.63 -0.000439942
3.64 -0.00043624
3.65 -0.000425623
3.66 -0.000408227
3.67 -0.000384292
3.68 -0.000354157
3.69 -0.000318249
3.7 -0.000277081
3.71 -0.000231249
3.72 -0.000181431
3.73 -0.000128385
3.74 -7.29309e-05
3.75 -1.5934e-05
3.76 4.17123e-05
3.77 9.91024e-05
3.78 0.000155329
3.79 0.000209489
3.8 0.000260698
3.81 0.000308102
3.82 0.000350899
3.83 0.00038836
3.84 0.000419847
3.85 0.000444818
3.86 0.00046284
3.87 0.000473584
3.88 0.000476832
3.89 0.000472486
3.9 0.000460571
3.91 0.000441245
3.92 0.000414794
3.93 0.000381622
3.94 0.000342242
3.95 0.000297257
3.96 0.000247357
3.97 0.000193307
3.98 0.000135945
3.99 7.61686e-05
4 1.49191e-05
4.01 -4.68363e-05
4.02 -0.000108126
4.03 -0.00016799
4.04 -0.000225489
4.05 -0.000279716
4.06 -0.000329804
4.07 -0.000374939
4.08 -0.000414375
4.09 -0.000447454
4.1 -0.000473621
4.11 -0.000492428
4.12 -0.000503542
4.13 -0.000506745
4.14 -0.000501936
4.15 -0.000489138
4.16 -0.000468502
4.17 -0.000440312
4.18 -0.000404984
4.19 -0.000363053
4.2 -0.000315168
4.21 -0.000262067
4.22 -0.000204576
4.23 -0.000143592
4.24 -8.00787e-05
4.25 -1.50485e-05
4.26 5.04531e-05
4.27 0.00011537
4.28 0.000178657
4.29 0.000239303
4.3 0.000296338
4.31 0.00034885
4.32 0.000395996
4.33 0.000437009
4.34 0.000471218
4.35 0.000498062
4.36 0.000517102
4.37 0.000528025
4.38 0.000530645
4.39 0.000524905
4.4 0.000510871
4.41 0.000488734
4.42 0.000458814
4.43 0.000421556
4.44 0.000377526
4.45 0.000327403
4.46 0.000271962
4.47 0.000212061
4.48 0.000148625
4.49 8.26411e-05
4.5 1.51416e-05
4.51 -5.28056e-05
4.52 -0.000120116
4.53 -0.000185709
4.54 -0.000248529
4.55 -0.000307568
4.56 -0.000361876
4.57 -0.000410576
4.58 -0.000452875
4.59 -0.000488078
4.6 -0.000515598
4.61 -0.000534975
4.62 -0.000545884
4.63 -0.000548143
4.64 -0.000541708
4.65 -0.000526676
4.66 -0.000503276
4.67 -0.000471869
4.68 -0.000432941
4.69 -0.000387105
4.7 -0.000335085
4.71 -0.000277709
4.72 -0.000215885
4.73 -0.000150591
4.74 -8.28503e-05
4.75 -1.37264e-05
4.76 5.56956e-05
4.77 0.000124321
4.78 0.000191062
4.79 0.00025486
4.8 0.000314702
4.81 0.00036964
4.82 0.000418807
4.83 0.000461421
4.84 0.000496802
4.85 0.000524375
4.86 0.000543687
4.87 0.000554414
4.88 0.000556374
4.89 0.000549525
4.9 0.00053397
4.91 0.000509948
4.92 0.000477833
4.93 0.000438123
4.94 0.000391441
4.95 0.000338525
4.96 0.000280219
4.97 0.000217456
4.98 0.000151241
4.99 8.26337e-05
5 1.27247e-05
5.01 -5.73755e-05
5.02 -0.000126554
5.03 -0.000193709
5.04 -0.000257772
5.05 -0.000317723
5.06 -0.000372611
5.07 -0.000421571
5.08 -0.000463839
5.09 -0.000498757
5.1 -0.000525781
5.11 -0.000544491
5.12 -0.000554594
5.13 -0.000555935
5.14 -0.0005485
5.15 -0.000532415
5.16 -0.000507946
5.17 -0.000475485
5.18 -0.000435551
5.19 -0.000388775
5.2 -0.000335894
5.21 -0.000277745
5.22 -0.000215251
5.23 -0.000149409
5.24 -8.12659e-05
5.25 -1.19058e-05
5.26 5.7572e-05
5.27 0.000126068
5.28 0.000192497
5.29 0.000255805
5.3 0.000314985
5.31 0.000369096
5.32 0.000417278
5.33 0.000458774
5.34 0.000492936
5.35 0.000519237
5.36 0.000537273
5.37 0.000546775
5.38 0.000547604
5.39 0.000539763
5.4 0.000523398
5.41 0.000498791
5.42 0.000466358
5.43 0.000426635
5.44 0.000380272
5.45 0.000328019
5.46 0.000270713
5.47 0.000209273
5.48 0.000144682
5.49 7.797e-05
5.5 1.02004e-05
5.51 -5.75534e-05
5.52 -0.000124224
5.53 -0.000188765
5.54 -0.000250166
5.55 -0.000307467
5.56 -0.000359771
5.57 -0.00040626
5.58 -0.00044621
5.59 -0.000479006
5.6 -0.000504149
5.61 -0.000521262
5.62 -0.000530097
5.63 -0.000530533
5.64 -0.000522583
5.65 -0.000506392
5.66 -0.00048224
5.67 -0.000450535
5.68 -0.000411808
5.69 -0.000366699
5.7 -0.000315947
5.71 -0.000260376
5.72 -0.000200884
5.73 -0.000138429
5.74 -7.4015e-05
5.75 -8.6763e-06
5.76 5.65432e-05
5.77 0.000120607
5.78 0.000182506
5.79 0.00024127
5.8 0.000295986
5.81 0.000345805
5.82 0.000389959
5.83 0.000427773
5.84 0.000458675
5.85 0.000482208
5.86 0.000498035
5.87 0.000505944
5.88 0.000505847
5.89 0.00049778
5.9 0.000481902
5.91 0.000458496
5.92 0.000427963
5.93 0.000390816
5.94 0.000347673
5.95 0.000299245
5.96 0.00024632
5.97 0.000189754
5.98 0.000130454
5.99 6.93711e-05
6 7.48019e-06
6.01 -5.42316e-05
6.02 -0.000114784
6.03 -0.000173219
6.04 -0.000228622
6.05 -0.000280129
6.06 -0.000326944
6.07 -0.00036835
6.08 -0.000403716
6.09 -0.00043251
6.1 -0.00045431
6.11 -0.000468808
6.12 -0.000475819
6.13 -0.000475276
6.14 -0.000467236
6.15 -0.00045187
6.16 -0.000429464
6.17 -0.000400413
6.18 -0.000365218
6.19 -0.000324473
6.2 -0.00027886
6.21 -0.000229131
6.22 -0.000176099
6.23 -0.000120619
6.24 -6.35812e-05
6.25 -5.89248e-06
6.26 5.15326e-05
6.27 0.000107788
6.28 0.000161991
6.29 0.000213297
6.3 0.000260915
6.31 0.000304118
6.32 0.000342252
6.33 0.000374746
6.34 0.000401123
6.35 0.000420999
6.36 0.000434101
6.37 0.000440263
6.38 0.000439434
6.39 0.000431675
6.4 0.000417155
6.41 0.000396152
6.42 0.000369039
6.43 0.000336289
6.44 0.000298458
6.45 0.000256184
6.46 0.000210172
6.47 0.00016118
6.48 0.000110009
6.49 5.74855e-05
6.5 4.45012e-06
6.51 -4.82545e-05
6.52 -9.97966e-05
6.53 -0.000149368
6.54 -0.000196199
6.55 -0.000239569
6.56 -0.00027882
6.57 -0.000313368
6.58 -0.000342705
6.59 -0.000366413
6.6 -0.000384161
6.61 -0.000395715
6.62 -0.000400943
6.63 -0.000399811
6.64 -0.000392389
6.65 -0.000378847
6.66 -0.00035945
6.67 -0.00033455
6.68 -0.000304583
6.69 -0.000270063
6.7 -0.00023157
6.71 -0.000189744
6.72 -0.000145277
6.73 -9.88939e-05
6.74 -5.13467e-05
6.75 -3.39689e-06
6.76 4.41943e-05
6.77 9.06773e-05
6.78 0.000135325
6.79 0.000177446
6.8 0.000216391
6.81 0.000251571
6.82 0.000282461
6.83 0.000308612
6.84 0.000329655
6.85 0.000345304
6.86 0.000355362
6.87 0.000359721
6.88 0.000358364
6.89 0.000351368
6.9 0.000338898
6.91 0.000321206
6.92 0.000298625
6.93 0.000271558
6.94 0.000240478
6.95 0.000205911
6.96 0.000168438
6.97 0.000128678
6.98 8.72825e-05
6.99 4.49218e-05
7 2.2744e-06
7.01 -3.99845e-05
7.02 -8.11936e-05
7.03 -0.000120714
7.04 -0.00015794
7.05 -0.000192305
7.06 -0.000223294
7.07 -0.000250449
7.08 -0.000273379
7.09 -0.000291766
7.1 -0.000305365
7.11 -0.000314011
7.12 -0.000317617
7.13 -0.000316176
7.14 -0.000309762
7.15 -0.000298528
7.16 -0.000282703
7.17 -0.000262589
7.18 -0.00023855
7.19 -0.00021101
7.2 -0.000180444
7.21 -0.000147367
7.22 -0.000112331
7.23 -7.59118e-05
7.24 -3.87028e-05
7.25 -1.30313e-06
7.26 3.56927e-05
7.27 7.17046e-05
7.28 0.000106176
7.29 0.000138581
7.3 0.000168432
7.31 0.000195287
7.32 0.000218757
7.33 0.000238509
7.34 0.000254274
7.35 0.000265853
7.36 0.000273111
7.37 0.000275986
7.38 0.000274484
7.39 0.000268679
7.4 0.000258711
7.41 0.000244786
7.42 0.00022717
7.43 0.000206186
7.44 0.000182206
7.45 0.000155645
7.46 0.000126951
7.47 9.66043e-05
7.48 6.51023e-05
7.49 3.29576e-05
7.5 6.87551e-07
7.51 -3.11943e-05
7.52 -6.21871e-05
7.53 -9.18112e-05
7.54 -0.000119615
7.55 -0.000145183
7.56 -0.000168137
7.57 -0.000188148
7.58 -0.000204935
7.59 -0.000218274
7.6 -0.000227997
7.61 -0.000234
7.62 -0.000236236
7.63 -0.000234721
7.64 -0.000229529
7.65 -0.000220791
7.66 -0.000208691
7.67 -0.000193464
7.68 -0.000175394
7.69 -0.000154804
7.7 -0.000132054
7.71 -0.000107533
7.72 -8.16509e-05
7.73 -5.4833e-05
7.74 -2.75143e-05
7.75 -1.31993e-07
7.76 2.68805e-05
7.77 5.31012e-05
7.78 7.81265e-05
7.79 0.000101578
7.8 0.000123106
7.81 0.0001424
7.82 0.000159185
7.83 0.000173229
7.84 0.000184348
7.85 0.000192405
7.86 0.000197315
7.87 0.000199044
7.88 0.00019761
7.89 0.000193082
7.9 0.000185576
7.91 0.000175251
7.92 0.000162312
7.93 0.000147
7.94 0.000129592
7.95 0.000110397
7.96 8.97442e-05
7.97 6.79834e-05
7.98 4.54749e-05
7.99 2.25854e-05
8 -3.18397e-07
8.01 -2.28744e-05
8.02 -4.4731e-05
8.03 -6.55529e-05
8.04 -8.50265e-05
8.05 -0.000102865
8.06 -0.000118813
8.07 -0.000132647
8.08 -0.000144184
8.09 -0.000153276
8.1 -0.000159816
8.11 -0.00016374
8.12 -0.000165025
8.13 -0.000163692
8.14 -0.000159804
8.15 -0.00015346
8.16 -0.0001448
8.17 -0.000133994
8.18 -0.000121246
8.19 -0.000106787
8.2 -9.0872e-05
8.21 -7.37753e-05
8.22 -5.57867e-05
8.23 -3.72052e-05
8.24 -1.8334e-05
8.25 5.24241e-07
8.26 1.90717e-05
8.27 3.70199e-05
8.28 5.40939e-05
8.29 7.00367e-05
8.3 8.46137e-05
8.31 9.76164e-05
8.32 0.000108865
8.33 0.000118212
8.34 0.000125541
8.35 0.00013077
8.36 0.00013385
8.37 0.00013477
8.38 0.000133551
8.39 0.000130248
8.4 0.00012495
8.41 0.000117775
8.42 0.000108868
8.43 9.84004e-05
8.44 8.65622e-05
8.45 7.35632e-05
8.46 5.96284e-05
8.47 4.49938e-05
8.48 2.99029e-05
8.49 1.46017e-05
8.5 -6.65071e-07
8.51 -1.56576e-05
8.52 -3.01448e-05
8.53 -4.39069e-05
8.54 -5.67388e-05
8.55 -6.84534e-05
8.56 -7.88844e-05
8.57 -8.78889e-05
8.58 -9.53497e-05
8.59 -0.000101176
8.6 -0.000105305
8.61 -0.000107701
8.62 -0.000108357
8.63 -0.000107291
8.64 -0.000104551
8.65 -0.000100212
8.66 -9.43707e-05
8.67 -8.71477e-05
8.68 -7.86829e-05
8.69 -6.91328e-05
8.7 -5.86682e-05
8.71 -4.74711e-05
8.72 -3.57325e-05
8.73 -2.36483e-05
8.74 -1.14167e-05
8.75 7.65853e-07
8.76 1.27078e-05
8.77 2.42256e-05
8.78 3.51459e-05
8.79 4.5308e-05
8.8 5.45657e-05
8.81 6.27897e-05
8.82 6.98695e-05
8.83 7.57149e-05
8.84 8.02575e-05
8.85 8.34508e-05
8.86 8.52703e-05
8.87 8.57135e-05
8.88 8.47991e-05
8.89 8.25666e-05
8.9 7.90759e-05
8.91 7.44062e-05
8.92 6.8654e-05
8.93 6.19312e-05
8.94 5.43628e-05
8.95 4.60846e-05
8.96 3.72406e-05
8.97 2.79814e-05
8.98 1.84616e-05
8.99 8.83724e-06
9 -7.3664e-07
9.01 -1.0109e-05
9.02 -1.91352e-05
9.03 -2.76795e-05
9.04 -3.56165e-05
9.05 -4.28329e-05
9.06 -4.92287e-05
9.07 -5.47189e-05
9.08 -5.92346e-05
9.09 -6.27241e-05
9.1 -6.51533e-05
9.11 -6.65062e-05
9.12 -6.67839e-05
9.13 -6.60043e-05
9.14 -6.42013e-05
9.15 -6.14244e-05
9.16 -5.77371e-05
9.17 -5.32166e-05
9.18 -4.79519e-05
9.19 -4.20418e-05
9.2 -3.5593e-05
9.21 -2.87183e-05
9.22 -2.15344e-05
9.23 -1.41608e-05
9.24 -6.71741e-06
9.25 6.76666e-07
9.26 7.90543e-06
9.27 1.48579e-05
9.28 2.143e-05
9.29 2.7526e-05
9.3 3.30599e-05
9.31 3.79562e-05
9.32 4.21506e-05
9.33 4.55912e-05
9.34 4.8239e-05
9.35 5.00685e-05
9.36 5.10685e-05
9.37 5.12409e-05
9.38 5.06013e-05
9.39 4.91773e-05
9.4 4.70083e-05
9.41 4.41447e-05
9.42 4.06467e-05
9.43 3.65838e-05
9.44 3.20332e-05
9.45 2.70782e-05
9.46 2.18063e-05
9.47 1.63082e-05
9.48 1.06755e-05
9.49 5.00007e-06
9.5 -6.27612e-07
9.51 -6.11957e-06
9.52 -1.13918e-05
9.53 -1.63659e-05
9.54 -2.097e-05
9.55 -2.51401e-05
9.56 -2.88206e-05
9.57 -3.19648e-05
9.58 -3.45351e-05
9.59 -3.65037e-05
9.6 -3.78528e-05
9.61 -3.8575e-05
9.62 -3.86729e-05
9.63 -3.81594e-05
9.64 -3.70565e-05
9.65 -3.53951e-05
9.66 -3.32138e-05
9.67 -3.05585e-05
9.68 -2.74817e-05
9.69 -2.40417e-05
9.7 -2.03013e-05
9.71 -1.6327e-05
9.72 -1.21875e-05
9.73 -7.95202e-06
9.74 -3.68989e-06
9.75 5.30952e-07
9.76 4.64459e-06
9.77 8.58814e-06
9.78 1.23028e-05
9.79 1.57346e-05
9.8 1.88361e-05
9.81 2.15659e-05
9.82 2.389e-05
9.83 2.57817e-05
9.84 2.72216e-05
9.85 2.81974e-05
9.86 2.8705e-05
9.87 2.87476e-05
9.88 2.83358e-05
9.89 2.74876e-05
9.9 2.62272e-05
9.91 2.45848e-05
9.92 2.25954e-05
9.93 2.02986e-05
9.94 1.77379e-05
9.95 1.496e-05
9.96 1.20141e-05
9.97 8.95099e-06
9.98 5.82194e-06
9.99 2.6779e-06
10 -4.31356e-07
10.01 -3.45783e-06
10.02 -6.35584e-06
10.03 -9.08263e-06
10.04 -1.1599e-05
10.05 -1.38699e-05
10.06 -1.58654e-05
10.07 -1.75607e-05
10.08 -1.89364e-05
10.09 -1.99788e-05
10.1 -2.06797e-05
10.11 -2.10362e-05
10.12 -2.10511e-05
10.13 -2.07327e-05
10.14 -2.00943e-05
10.15 -1.91546e-05
10.16 -1.79363e-05
10.17 -1.64662e-05
10.18 -1.47741e-05
10.19 -1.28922e-05
10.2 -1.08553e-05
10.21 -8.69964e-06
10.22 -6.46253e-06
10.23 -4.18178e-06
10.24 -1.89475e-06
10.25 3.62239e-07
10.26 2.55451e-06
10.27 4.6494e-06
10.28 6.61656e-06
10.29 8.4283e-06
10.3 1.006e-05
10.31 1.14904e-05
10.32 1.27022e-05
10.33 1.36821e-05
10.34 1.44208e-05
10.35 1.49133e-05
10.36 1.5158e-05
10.37 1.51575e-05
10.38 1.49178e-05
10.39 1.44489e-05
10.4 1.37641e-05
10.41 1.28799e-05
10.42 1.18159e-05
10.43 1.05935e-05
10.44 9.23633e-06
10.45 7.76932e-06
10.46 6.2185e-06
10.47 4.61069e-06
10.48 2.97309e-06
10.49 1.33277e-06
10.5 -2.83941e-07
10.51 -1.85191e-06
10.52 -3.34762e-06
10.53 -4.74945e-06
10.54 -6.03782e-06
10.55 -7.19535e-06
10.56 -8.20719e-06
10.57 -9.06115e-06
10.58 -9.74807e-06
10.59 -1.02618e-05
10.6 -1.05993e-05
10.61 -1.07604e-05
10.62 -1.07475e-05
10.63 -1.05657e-05
10.64 -1.02224e-05
10.65 -9.72757e-06
10.66 -9.09313e-06
10.67 -8.33314e-06
10.68 -7.46325e-06
10.69 -6.50031e-06
10.7 -5.46204e-06
10.71 -4.36672e-06
10.72 -3.23304e-06
10.73 -2.07983e-06
10.74 -9.2591e-07
10.75 2.1034e-07
10.76 1.3113e-06
10.77 2.36049e-06
10.78 3.3428e-06
10.79 4.24467e-06
10.8 5.0541e-06
10.81 5.7608e-06
10.82 6.35626e-06
10.83 6.83398e-06
10.84 7.18957e-06
10.85 7.42088e-06
10.86 7.5279e-06
10.87 7.51266e-06
10.88 7.379e-06
10.89 7.13245e-06
10.9 6.78011e-06
10.91 6.33062e-06
10.92 5.79401e-06
10.93 5.18152e-06
10.94 4.50533e-06
10.95 3.77817e-06
10.96 3.01313e-06
10.97 2.22333e-06
10.98 1.4219e-06
10.99 6.21759e-07
11 -1.64453e-07
11.01 -9.2464e-07
11.02 -1.64749e-06
11.03 -2.32272e-06
11.04 -2.94119e-06
11.05 -3.49503e-06
11.06 -3.97753e-06
11.07 -4.38323e-06
11.08 -4.70792e-06
11.09 -4.94871e-06
11.1 -5.10418e-06
11.11 -5.17438e-06
11.12 -5.16078e-06
11.13 -5.06616e-06
11.14 -4.89442e-06
11.15 -4.65047e-06
11.16 -4.34017e-06
11.17 -3.97028e-06
11.18 -3.54841e-06
11.19 -3.08291e-06
11.2 -2.58263e-06
11.21 -2.05671e-06
11.22 -1.51432e-06
11.23 -9.6457e-07
11.24 -4.16363e-07
11.25 1.21637e-07
11.26 6.41105e-07
11.27 1.13421e-06
11.28 1.59378e-06
11.29 2.0135e-06
11.3 2.38802e-06
11.31 2.71293e-06
11.32 2.98477e-06
11.33 3.20096e-06
11.34 3.3598e-06
11.35 3.46054e-06
11.36 3.50337e-06
11.37 3.48951e-06
11.38 3.4211e-06
11.39 3.30106e-06
11.4 3.13298e-06
11.41 2.921e-06
11.42 2.66972e-06
11.43 2.3842e-06
11.44 2.06997e-06
11.45 1.73289e-06
11.46 1.37907e-06
11.47 1.01467e-06
11.48 6.45762e-07
11.49 2.78227e-07
11.5 -8.22696e-08
11.51 -4.30295e-07
11.52 -7.60687e-07
11.53 -1.06864e-06
11.54 -1.34982e-06
11.55 -1.60053e-06
11.56 -1.81773e-06
11.57 -1.99908e-06
11.58 -2.14289e-06
11.59 -2.24805e-06
11.6 -2.31408e-06
11.61 -2.34107e-06
11.62 -2.32982e-06
11.63 -2.28176e-06
11.64 -2.19897e-06
11.65 -2.08406e-06
11.66 -1.94001e-06
11.67 -1.77011e-06
11.68 -1.57788e-06
11.69 -1.36707e-06
11.7 -1.14163e-06
11.71 -9.05694e-07
11.72 -6.63434e-07
11.73 -4.18967e-07
11.74 -1.76231e-07
11.75 6.10834e-08
11.76 2.89532e-07
11.77 5.05904e-07
11.78 7.07219e-07
11.79 8.90763e-07
11.8 1.05417e-06
11.81 1.1955e-06
11.82 1.31329e-06
11.83 1.40652e-06
11.84 1.47459e-06
11.85 1.51726e-06
11.86 1.53461e-06
11.87 1.52708e-06
11.88 1.49551e-06
11.89 1.44115e-06
11.9 1.36564e-06
11.91 1.27095e-06
11.92 1.15926e-06
11.93 1.03291e-06
11.94 8.94354e-07
11.95 7.46151e-07
11.96 5.90989e-07
11.97 4.31647e-07
11.98 2.70925e-07
11.99 1.11546e-07
12 -4.39391e-08
12.01 -1.93197e-07
12.02 -3.34119e-07
12.03 -4.64799e-07
12.04 -5.83516e-07
12.05 -6.88757e-07
12.06 -7.79271e-07
12.07 -8.54125e-07
12.08 -9.12733e-07
12.09 -9.54842e-07
12.1 -9.80472e-07
12.11 -9.89859e-07
12.12 -9.83421e-07
12.13 -9.61765e-07
12.14 -9.25711e-07
12.15 -8.76317e-07
12.16 -8.1486e-07
12.17 -7.42779e-07
12.18 -6.61603e-07
12.19 -5.72895e-07
12.2 -4.78232e-07
12.21 -3.79219e-07
12.22 -2.77513e-07
12.23 -1.7482e-07
12.24 -7.28561e-08
12.25 2.67229e-08
12.26 1.22384e-07
12.27 2.12755e-07
12.28 2.96619e-07
12.29 3.72888e-07
12.3 4.40585e-07
12.31 4.98857e-07
12.32 5.47011e-07
12.33 5.84575e-07
12.34 6.1132e-07
12.35 6.27254e-07
12.36 6.32579e-07
12.37 6.27638e-07
12.38 6.12883e-07
12.39 5.88881e-07
12.4 5.56331e-07
12.41 5.16084e-07
12.42 4.69131e-07
12.43 4.16553e-07
12.44 3.59462e-07
12.45 2.98947e-07
12.46 2.36054e-07
12.47 1.71805e-07
12.48 1.07217e-07
12.49 4.33156e-08
12.5 -1.88908e-08
12.51 -7.84554e-08
12.52 -1.3454e-07
12.53 -1.86437e-07
12.54 -2.33556e-07
12.55 -2.75389e-07
12.56 -3.11485e-07
12.57 -3.41446e-07
12.58 -3.64957e-07
12.59 -3.81823e-07
12.6 -3.91996e-07
12.61 -3.95573e-07
12.62 -3.92764e-07
12.63 -3.83848e-07
12.64 -3.69152e-07
12.65 -3.49058e-07
12.66 -3.24025e-07
12.67 -2.94615e-07
12.68 -2.61491e-07
12.69 -2.25386e-07
12.7 -1.8705e-07
12.71 -1.47212e-07
12.72 -1.0656e-07
12.73 -6.57536e-08
12.74 -2.54427e-08
12.75 1.37192e-08
12.76 5.1094e-08
12.77 8.6097e-08
12.78 1.18237e-07
12.79 1.47136e-07
12.8 1.72519e-07
12.81 1.94181e-07
12.82 2.11961e-07
12.83 2.25727e-07
12.84 2.35395e-07
12.85 2.40957e-07
12.86 2.425e-07
12.87 2.40201e-07
12.88 2.34296e-07
12.89 2.25043e-07
12.9 2.127e-07
12.91 1.97525e-07
12.92 1.79804e-07
12.93 1.59873e-07
12.94 1.38127e-07
12.95 1.14998e-07
12.96 9.09261e-08
12.97 6.63244e-08
12.98 4.15702e-08
12.99 1.7019e-08
13 -6.9713e-09
13.01 -3.00258e-08
13.02 -5.17623e-08
13.03 -7.1821e-08
13.04 -8.98997e-08
13.05 -1.05774e-07
13.06 -1.19292e-07
13.07 -1.30351e-07
13.08 -1.38874e-07
13.09 -1.44801e-07
13.1 -1.48102e-07
13.11 -1.48802e-07
13.12 -1.47004e-07
13.13 -1.42881e-07
13.14 -1.36652e-07
13.15 -1.28552e-07
13.16 -1.18803e-07
13.17 -1.07613e-07
13.18 -9.51969e-08
13.19 -8.17911e-08
13.2 -6.76643e-08
13.21 -5.31019e-08
13.22 -3.8378e-08
13.23 -2.37291e-08
13.24 -9.34703e-09
13.25 4.60781e-09
13.26 1.79805e-08
13.27 3.06034e-08
13.28 4.2296e-08
13.29 5.2885e-08
13.3 6.22299e-08
13.31 7.02379e-08
13.32 7.68598e-08
13.33 8.2069e-08
13.34 8.5839e-08
13.35 8.81358e-08
13.36 8.89296e-08
13.37 8.82193e-08
13.38 8.60529e-08
13.39 8.2531e-08
13.4 7.77904e-08
13.41 7.19786e-08
13.42 6.52342e-08
13.43 5.76857e-08
13.44 4.94664e-08
13.45 4.07327e-08
13.46 3.16714e-08
13.47 2.24883e-08
13.48 1.33835e-08
13.49 4.52576e-09
13.5 -3.95713e-09
13.51 -1.19699e-08
13.52 -1.94297e-08
13.53 -2.6249e-08
13.54 -3.23348e-08
13.55 -3.76023e-08
13.56 -4.19962e-08
13.57 -4.55028e-08
13.58 -4.8145e-08
13.59 -4.99624e-08
13.6 -5.09883e-08
13.61 -5.12389e-08
13.62 -5.07193e-08
13.63 -4.94421e-08
13.64 -4.74449e-08
13.65 -4.47951e-08
13.66 -4.15779e-08
13.67 -3.78764e-08
13.68 -3.3756e-08
13.69 -2.92647e-08
13.7 -2.44481e-08
13.71 -1.93688e-08
13.72 -1.41173e-08
13.73 -8.80658e-09
13.74 -3.55405e-09
13.75 1.53942e-09
13.76 6.39881e-09
13.77 1.09688e-08
13.78 1.51979e-08
13.79 1.90241e-08
13.8 2.23743e-08
13.81 2.51774e-08
13.82 2.7384e-08
13.83 2.89804e-08
13.84 2.99872e-08
13.85 3.0444e-08
13.86 3.03905e-08
13.87 2.98548e-08
13.88 2.88571e-08
13.89 2.74233e-08
13.9 2.55992e-08
13.91 2.34542e-08
13.92 2.10704e-08
13.93 1.85232e-08
13.94 1.58668e-08
13.95 1.31309e-08
13.96 1.0333e-08
13.97 7.49469e-09
13.98 4.65357e-09
13.99 1.86169e-09
14 -8.27884e-10
14.01 -3.37651e-09
14.02 -5.76694e-09
14.03 -7.9969e-09
14.04 -1.00634e-08
14.05 -1.19483e-08
14.06 -1.36147e-08
14.07 -1.50168e-08
14.08 -1.61162e-08
14.09 -1.68956e-08
14.1 -1.73604e-08
14.11 -1.75275e-08
14.12 -1.74112e-08
14.13 -1.7014e-08
14.14 -1.63307e-08
14.15 -1.53611e-08
14.16 -1.41245e-08
14.17 -1.26648e-08
14.18 -1.10426e-08
14.19 -9.31942e-09
14.2 -7.54331e-09
14.21 -5.74441e-09
14.22 -3.94251e-09
14.23 -2.16004e-09
14.24 -4.31453e-10
14.25 1.19849e-09
14.26 2.68658e-09
14.27 4.00544e-09
14.28 5.15105e-09
14.29 6.13798e-09
14.3 6.98586e-09
14.31 7.70557e-09
14.32 8.29328e-09
14.33 8.73615e-09
14.34 9.02493e-09
14.35 9.16423e-09
14.36 9.17353e-09
14.37 9.07764e-09
14.38 8.89324e-09
14.39 8.62064e-09
14.4 8.24564e-09
14.41 7.75125e-09
14.42 7.13128e-09
14.43 6.39728e-09
14.44 5.57468e-09
14.45 4.69112e-09
14.46 3.76524e-09
14.47 2.80351e-09
14.48 1.80669e-09
14.49 7.81731e-10
14.5 -2.49215e-10
14.51 -1.24951e-09
14.52 -2.17806e-09
14.53 -3.00287e-09
14.54 -3.70937e-09
14.55 -4.29885e-09
14.56 -4.77877e-09
14.57 -5.15169e-09
14.58 -5.41031e-09
14.59 -5.5423e-09
14.6 -5.54096e-09
14.61 -5.4148e-09
14.62 -5.18865e-09
14.63 -4.89544e-09
14.64 -4.56383e-09
14.65 -4.20887e-09
14.66 -3.83148e-09
14.67 -3.42672e-09
14.68 -2.99446e-09
14.69 -2.54551e-09
14.7 -2.09859e-09
14.71 -1.67071e-09
14.72 -1.26761e-09
14.73 -8.80644e-10
14.74 -4.92652e-10
14.75 -8.93216e-11
14.76 3.31386e-10
14.77 7.57395e-10
14.78 1.1694e-09
14.79 1.55147e-09
14.8 1.89801e-09
14.81 2.21304e-09
14.82 2.50235e-09
14.83 2.76392e-09
14.84 2.98382e-09
14.85 3.14026e-09
14.86 3.21383e-09
14.87 3.19719e-09
14.88 3.09793e-09
14.89 2.93352e-09
14.9 2.72146e-09
14.91 2.47124e-09
14.92 2.18348e-09
14.93 1.85617e-09
14.94 1.49371e-09
14.95 1.11201e-09
14.96 7.35714e-10
14.97 3.89489e-10
14.98 8.83646e-11
14.99 -1.66681e-10
15 -3.85107e-10
15.01 -5.7801e-10
15.02 -7.49795e-10
15.03 -8.95905e-10
15.04 -1.00795e-09
15.05 -1.08198e-09
15.06 -1.12433e-09
15.07 -1.15085e-09
15.08 -1.1794e-09
15.09 -1.22071e-09
15.1 -1.27311e-09
15.11 -1.32465e-09
15.12 -1.36122e-09
15.13 -1.3747e-09
15.14 -1.36641e-09
15.15 -1.34374e-09
15.16 -1.3124e-09
15.17 -1.27e-09
15.18 -1.20549e-09
15.19 -1.10502e-09
15.2 -9.60763e-10
15.21 -7.76426e-10
15.22 -5.66365e-10
15.23 -3.48827e-10
15.24 -1.37522e-10
15.25 6.27902e-11
15.26 2.54384e-10
15.27 4.39791e-10
15.28 6.15053e-10
15.29 7.68203e-10
15.3 8.83804e-10
15.31 9.50785e-10
15.32 9.68679e-10
15.33 9.47888e-10
15.34 9.04079e-10
15.35 8.50139e-10
15.36 7.90828e-10
15.37 7.2371e-10
15.38 6.44919e-10
15.39 5.55671e-10
15.4 4.65062e-10
15.41 3.86799e-10
15.42 3.3215e-10
15.43 3.03552e-10
15.44 2.93081e-10
15.45 2.87157e-10
15.46 2.73983e-10
15.47 2.49129e-10
15.48 2.16002e-10
15.49 1.80949e-10
15.5 1.46828e-10
15.51 1.09413e-10
15.52 5.91837e-11
15.53 -1.23207e-11
15.54 -1.0624e-10
15.55 -2.14239e-10
15.56 -3.218e-10
15.57 -4.1518e-10
15.58 -4.87335e-10
15.59 -5.39362e-10
15.6 -5.76769e-10
15.61 -6.03114e-10
15.62 -6.15914e-10
15.63 -6.07451e-10
15.64 -5.6985e-10
15.65 -5.01287e-10
15.66 -4.08865e-10
15.67 -3.0634e-10
15.68 -2.0802e-10
15.69 -1.22457e-10
15.7 -5.02833e-11
15.71 1.29117e-11
15.72 7.099e-11
15.73 1.22614e-10
15.74 1.61012e-10
15.75 1.78135e-10
15.76 1.7044e-10
15.77 1.4257e-10
15.78 1.05957e-10
15.79 7.33948e-11
15.8 5.3116e-11
15.81 4.5783e-11
15.82 4.64048e-11
15.83 4.94528e-11
15.84 5.3649e-11
15.85 6.33461e-11
15.86 8.51899e-11
15.87 1.22659e-10
15.88 1.72299e-10
15.89 2.24016e-10
15.9 2.65635e-10
15.91 2.88682e-10
15.92 2.91795e-10
15.93 2.7992e-10
15.94 2.59625e-10
15.95 2.34125e-10
15.96 2.01425e-10
15.97 1.56486e-10
15.98 9.61546e-11
15.99 2.32159e-11
16 -5.31956e-11
16.01 -1.21102e-10
16.02 -1.71312e-10
16.03 -2.01291e-10
16.04 -2.14887e-10
16.05 -2.18546e-10
16.06 -2.16389e-10
16.07 -2.07657e-10
16.08 -1.88102e-10
16.09 -1.54118e-10
16.1 -1.07085e-10
16.11 -5.45239e-11
16.12 -7.16757e-12
16.13 2.59895e-11
16.14 4.18265e-11
16.15 4.36212e-11
16.16 3.78638e-11
16.17 2.97e-11
16.18 1.97161e-11
16.19 4.48619e-12
16.2 -1.96653e-11
16.21 -5.26006e-11
16.22 -8.85756e-11
16.23 -1.18265e-10
16.24 -1.33291e-10
16.25 -1.30278e-10
16.26 -1.12189e-10
16.27 -8.58263e-11
16.28 -5.7317e-11
16.29 -2.88128e-11
16.3 1.76589e-12
16.31 3.77088e-11
16.32 7.94946e-11
16.33 1.22698e-10
16.34 1.59052e-10
16.35 1.80423e-10
16.36 1.83074e-10
16.37 1.69248e-10
16.38 1.45434e-10
16.39 1.18288e-10
16.4 9.10303e-11
16.41 6.26907e-11
16.42 3.02768e-11
16.43 -7.40054e-12
16.44 -4.70813e-11
16.45 -8.16815e-11
16.46 -1.03571e-10
16.47 -1.08633e-10
16.48 -9.8375e-11
16.49 -7.86948e-11
16.5 -5.6427e-11
16.51 -3.55981e-11
16.52 -1.59411e-11
16.53 5.30652e-12
16.54 3.00002e-11
16.55 5.62685e-11
16.56 7.83929e-11
16.57 8.96014e-11
16.58 8.57266e-11
16.59 6.76945e-11
16.6 4.10584e-11
16.61 1.27495e-11
16.62 -1.25143e-11
16.63 -3.41002e-11
16.64 -5.43925e-11
16.65 -7.56202e-11
16.66 -9.70828e-11
16.67 -1.14393e-10
16.68 -1.215e-10
16.69 -1.14331e-10
16.7 -9.33339e-11
16.71 -6.35046e-11
16.72 -3.1759e-11
16.73 -3.32504e-12
16.74 2.03035e-11
16.75 4.09663e-11
16.76 6.12023e-11
16.77 8.11732e-11
16.78 9.7604e-11
16.79 1.05249e-10
16.8 1.00059e-10
16.81 8.19701e-11
16.82 5.52471e-11
16.83 2.64677e-11
16.84 1.22438e-12
16.85 -1.8431e-11
16.86 -3.39257e-11
16.87 -4.79408e-11
16.88 -6.1507e-11
16.89 -7.24379e-11
16.9 -7.63894e-11
16.91 -6.95253e-11
16.92 -5.12414e-11
16.93 -2.51725e-11
16.94 2.50732e-12
16.95 2.61296e-11
16.96 4.31173e-11
16.97 5.45092e-11
16.98 6.30261e-11
16.99 7.04044e-11
17 7.56118e-11
17.01 7.51381e-11
17.02 6.54452e-11
17.03 4.56338e-11
17.04 1.86638e-11
17.05 -9.72588e-12
17.06 -3.3897e-11
17.07 -5.08453e-11
17.08 -6.10606e-11
17.09 -6.72702e-11
17.1 -7.17447e-11
17.11 -7.43288e-11
17.12 -7.2383e-11
17.13 -6.2668e-11
17.14 -4.40345e-11
17.15 -1.87835e-11
17.16 7.99418e-12
17.17 3.07249e-11
17.18 4.60964e-11
17.19 5.42024e-11
17.2 5.75976e-11
17.21 5.89753e-11
17.22 5.89354e-11
17.23 5.56387e-11
17.24 4.62833e-11
17.25 2.94097e-11
17.26 6.67747e-12
17.27 -1.74272e-11
17.28 -3.76393e-11
17.29 -5.04381e-11
17.3 -5.55782e-11
17.31 -5.54249e-11
17.32 -5.28928e-11
17.33 -4.9361e-11
17.34 -4.37469e-11
17.35 -3.36328e-11
17.36 -1.74558e-11
17.37 3.73942e-12
17.38 2.60856e-11
17.39 4.4682e-11
17.4 5.59754e-11
17.41 5.92917e-11
17.42 5.67751e-11
17.43 5.1537e-11
17.44 4.5491e-11
17.45 3.82895e-11
17.46 2.79221e-11
17.47 1.27709e-11
17.48 -6.59448e-12
17.49 -2.70479e-11
17.5 -4.40816e-11
17.51 -5.4102e-11
17.52 -5.61661e-11
17.53 -5.21007e-11
17.54 -4.50929e-11
17.55 -3.748e-11
17.56 -2.94919e-11
17.57 -1.96373e-11
17.58 -6.24713e-12
17.59 1.06162e-11
17.6 2.84444e-11
17.61 4.32433e-11
17.62 5.1475e-11
17.63 5.19648e-11
17.64 4.62752e-11
17.65 3.74679e-11
17.66 2.82481e-11
17.67 1.94223e-11
17.68 9.88971e-12
17.69 -1.9484e-12
17.7 -1.64672e-11
17.71 -3.17738e-11
17.72 -4.43636e-11
17.73 -5.09377e-11
17.74 -5.00836e-11
17.75 -4.303e-11
17.76 -3.27634e-11
17.77 -2.21808e-11
17.78 -1.25871e-11
17.79 -3.28573e-12
17.8 7.25682e-12
17.81 1.96731e-11
17.82 3.27122e-11
17.83 4.34259e-11
17.84 4.8686e-11
17.85 4.69694e-11
17.86 3.91648e-11
17.87 2.80899e-11
17.88 1.67828e-11
17.89 6.85839e-12
17.9 -1.92859e-12
17.91 -1.09665e-11
17.92 -2.12008e-11
17.93 -3.18908e-11
17.94 -4.06565e-11
17.95 -4.46161e-11
17.96 -4.21376e-11
17.97 -3.38762e-11
17.98 -2.23504e-11
17.99 -1.0615e-11
18 -6.29423e-13
18.01 7.52539e-12
18.02 1.50523e-11
18.03 2.31179e-11
18.04 3.14868e-11
18.05 3.82492e-11
18.06 4.08914e-11
18.07 3.77478e-11
18.08 2.91452e-11
18.09 1.73651e-11
18.1 5.38444e-12
18.11 -4.59948e-12
18.12 -1.21682e-11
18.13 -1.84011e-11
18.14 -2.45369e-11
18.15 -3.07714e-11
18.16 -3.57534e-11
18.17 -3.72611e-11
18.18 -3.36629e-11
18.19 -2.50104e-11
18.2 -1.32769e-11
18.21 -1.37491e-12
18.22 8.42255e-12
18.23 1.5404e-11
18.24 2.04054e-11
18.25 2.47843e-11
18.26 2.9075e-11
18.27 3.24258e-11
18.28 3.2967e-11
18.29 2.90652e-11
18.3 2.06111e-11
18.31 9.25012e-12
18.32 -2.32632e-12
18.33 -1.17316e-11
18.34 -1.80418e-11
18.35 -2.187e-11
18.36 -2.4595e-11
18.37 -2.70981e-11
18.38 -2.8904e-11
18.39 -2.85159e-11
18.4 -2.4427e-11
18.41 -1.6288e-11
18.42 -5.45571e-12
18.43 5.61928e-12
18.44 1.45478e-11
18.45 2.01704e-11
18.46 2.29612e-11
18.47 2.42525e-11
18.48 2.5125e-11
18.49 2.55499e-11
18.5 2.43517e-11
18.51 2.01593e-11
18.52 1.24658e-11
18.53 2.27978e-12
18.54 -8.13968e-12
18.55 -1.6486e-11
18.56 -2.14863e-11
18.57 -2.33657e-11
18.58 -2.34255e-11
18.59 -2.29032e-11
18.6 -2.21195e-11
18.61 -2.02727e-11
18.62 -1.60714e-11
18.63 -8.92045e-12
18.64 4.37561e-13
18.65 1.00739e-11
18.66 1.77526e-11
18.67 2.21167e-11
18.68 2.32023e-11
18.69 2.21855e-11
18.7 2.04806e-11
18.71 1.8667e-11
18.72 1.62392e-11
18.73 1.21188e-11
18.74 5.58935e-12
18.75 -2.86368e-12
18.76 -1.16064e-11
18.77 -1.85758e-11
18.78 -2.22986e-11
18.79 -2.26814e-11
18.8 -2.08018e-11
18.81 -1.80845e-11
18.82 -1.53894e-11
18.83 -1.24902e-11
18.84 -8.48624e-12
18.85 -2.63338e-12
18.86 4.88777e-12
18.87 1.26947e-11
18.88 1.88871e-11
18.89 2.20263e-11
18.9 2.18291e-11
18.91 1.92546e-11
18.92 1.57387e-11
18.93 1.23099e-11
18.94 9.06367e-12
18.95 5.23417e-12
18.96 4.57916e-14
18.97 -6.48917e-12
18.98 -1.33199e-11
18.99 -1.87295e-11
19 -2.13031e-11
19.01 -2.0649e-11
19.02 -1.75278e-11
19.03 -1.33962e-11
19.04 -9.42818e-12
19.05 -5.90559e-12
19.06 -2.28803e-12
19.07 2.21332e-12
19.08 7.76973e-12
19.09 1.35912e-11
19.1 1.82281e-11
19.11 2.02685e-11
19.12 1.92159e-11
19.13 1.57263e-11
19.14 1.11486e-11
19.15 6.7704e-12
19.16 3.07113e-12
19.17 -3.27642e-13
19.18 -4.13867e-12
19.19 -8.73813e-12
19.2 -1.35928e-11
19.21 -1.74359e-11
19.22 -1.8983e-11
19.23 -1.76346e-11
19.24 -1.38995e-11
19.25 -9.05014e-12
19.26 -4.38059e-12
19.27 -5.86804e-13
19.28 2.54879e-12
19.29 5.7303e-12
19.3 9.40755e-12
19.31 1.33109e-11
19.32 1.63999e-11
19.33 1.74788e-11
19.34 1.59321e-11
19.35 1.20716e-11
19.36 7.07042e-12
19.37 2.27107e-12
19.38 -1.54972e-12
19.39 -4.42519e-12
19.4 -6.99704e-12
19.41 -9.81887e-12
19.42 -1.27979e-11
19.43 -1.51703e-11
19.44 -1.58432e-11
19.45 -1.41322e-11
19.46 -1.02627e-11
19.47 -5.25065e-12
19.48 -4.18393e-13
19.49 3.34891e-12
19.5 5.97616e-12
19.51 7.97675e-12
19.52 9.98706e-12
19.53 1.21333e-11
19.54 1.3818e-11
19.55 1.41116e-11
19.56 1.23125e-11
19.57 8.50911e-12
19.58 3.6112e-12
19.59 -1.16171e-12
19.6 -4.83631e-12
19.61 -7.18279e-12
19.62 -8.6791e-12
19.63 -9.96364e-12
19.64 -1.13277e-11
19.65 -1.23897e-11
19.66 -1.23298e-11
19.67 -1.05016e-11
19.68 -6.85489e-12
19.69 -2.13111e-12
19.7 2.47751e-12
19.71 5.99906e-12
19.72 8.08765e-12
19.73 9.11917e-12
19.74 9.77158e-12
19.75 1.04202e-11
19.76 1.09019e-11
19.77 1.05611e-11
19.78 8.72593e-12
19.79 5.28724e-12
19.8 8.3279e-13
19.81 -3.55319e-12
19.82 -6.86519e-12
19.83 -8.71232e-12
19.84 -9.34568e-12
19.85 -9.41667e-12
19.86 -9.45217e-12
19.87 -9.41928e-12
19.88 -8.81743e-12
19.89 -7.02461e-12
19.9 -3.8255e-12
19.91 2.90647e-13
19.92 4.38535e-12
19.93 7.48331e-12
19.94 9.07518e-12
19.95 9.3619e-12
19.96 8.95384e-12
19.97 8.44325e-12
19.98 7.97136e-12
19.99 7.13723e-12
20 5.4061e-12
