0.01 -8.6348e-08
0.02 -5.23981e-07
0.03 -1.67702e-06
0.04 -3.90134e-06
0.05 -7.48215e-06
0.06 -1.2554e-05
0.07 -1.90435e-05
0.08 -2.66668e-05
0.09 -3.49836e-05
0.1 -4.34812e-05
0.11 -5.16461e-05
0.12 -5.89986e-05
0.13 -6.509e-05
0.14 -6.94912e-05
0.15 -7.18051e-05
0.16 -7.17157e-05
0.17 -6.9058e-05
0.18 -6.38727e-05
0.19 -5.64138e-05
0.2 -4.71012e-05
0.21 -3.64401e-05
0.22 -2.49455e-05
0.23 -1.31019e-05
0.24 -1.36069e-06
0.25 9.84592e-06
0.26 2.01075e-05
0.27 2.90707e-05
0.28 3.64979e-05
0.29 4.23189e-05
0.3 4.66431e-05
0.31 4.972e-05
0.32 5.1865e-05
0.33 5.33853e-05
0.34 5.45367e-05
0.35 5.55201e-05
0.36 5.64994e-05
0.37 5.76118e-05
0.38 5.89493e-05
0.39 6.05153e-05
0.4 6.2182e-05
0.41 6.3679e-05
0.42 6.463e-05
0.43 6.46237e-05
0.44 6.329e-05
0.45 6.03495e-05
0.46 5.56225e-05
0.47 4.90115e-05
0.48 4.04842e-05
0.49 3.00798e-05
0.5 1.79408e-05
0.51 4.34775e-06
0.52 -1.02687e-05
0.53 -2.53601e-05
0.54 -4.03276e-05
0.55 -5.4599e-05
0.56 -6.76831e-05
0.57 -7.9187e-05
0.58 -8.88021e-05
0.59 -9.62856e-05
0.6 -0.000101461
0.61 -0.000104241
0.62 -0.000104663
0.63 -0.000102906
0.64 -9.92672e-05
0.65 -9.41065e-05
0.66 -8.77775e-05
0.67 -8.05751e-05
0.68 -7.27187e-05
0.69 -6.43675e-05
0.7 -5.56459e-05
0.71 -4.66548e-05
0.72 -3.74582e-05
0.73 -2.80566e-05
0.74 -1.83706e-05
0.75 -8.25525e-06
0.76 2.45176e-06
0.77 1.38677e-05
0.78 2.60151e-05
0.79 3.88058e-05
0.8 5.20584e-05
0.81 6.55305e-05
0.82 7.89429e-05
0.83 9.19803e-05
0.84 0.000104276
0.85 0.000115403
0.86 0.000124886
0.87 0.00013225
0.88 0.000137084
0.89 0.000139089
0.9 0.000138111
0.91 0.000134121
0.92 0.000127192
0.93 0.000117469
0.94 0.000105168
0.95 9.05831e-05
0.96 7.41017e-05
0.97 5.61939e-05
0.98 3.7376e-05
0.99 1.81535e-05
1 -1.0315e-06
1.01 -1.9827e-05
1.02 -3.79656e-05
1.03 -5.52378e-05
1.04 -7.14657e-05
1.05 -8.64958e-05
1.06 -0.00010021
1.07 -0.000112542
1.08 -0.000123482
1.09 -0.00013305
1.1 -0.000141255
1.11 -0.000148055
1.12 -0.000153333
1.13 -0.000156911
1.14 -0.000158581
1.15 -0.000158143
1.16 -0.000155425
1.17 -0.000150281
1.18 -0.000142584
1.19 -0.000132221
1.2 -0.000119116
1.21 -0.000103264
1.22 -8.47763e-05
1.23 -6.38967e-05
1.24 -4.09951e-05
1.25 -1.65335e-05
1.26 8.97506e-06
1.27 3.49951e-05
1.28 6.09777e-05
1.29 8.63579e-05
1.3 0.000110557
1.31 0.000133002
1.32 0.000153165
1.33 0.000170609
1.34 0.000185013
1.35 0.000196182
1.36 0.000204016
1.37 0.000208485
1.38 0.000209604
1.39 0.000207424
1.4 0.000202049
1.41 0.00019364
1.42 0.000182406
1.43 0.000168585
1.44 0.000152402
1.45 0.00013405
1.46 0.000113688
1.47 9.14605e-05
1.48 6.75302e-05
1.49 4.2105e-05
1.5 1.54423e-05
1.51 -1.21609e-05
1.52 -4.03836e-05
1.53 -6.88844e-05
1.54 -9.72902e-05
1.55 -0.000125175
1.56 -0.000152046
1.57 -0.000177352
1.58 -0.000200508
1.59 -0.000220945
1.6 -0.000238143
1.61 -0.000251654
1.62 -0.000261103
1.63 -0.000266188
1.64 -0.000266678
1.65 -0.000262431
1.66 -0.000253418
1.67 -0.000239749
1.68 -0.000221667
1.69 -0.000199538
1.7 -0.000173807
1.71 -0.000144967
1.72 -0.000113537
1.73 -8.00558e-05
1.74 -4.50873e-05
1.75 -9.21904e-06
1.76 2.69533e-05
1.77 6.28528e-05
1.78 9.79475e-05
1.79 0.000131765
1.8 0.000163883
1.81 0.000193911
1.82 0.000221467
1.83 0.000246165
1.84 0.000267624
1.85 0.00028549
1.86 0.000299445
1.87 0.000309218
1.88 0.000314575
1.89 0.000315305
1.9 0.000311223
1.91 0.000302184
1.92 0.000288112
1.93 0.000269029
1.94 0.000245077
1.95 0.000216516
1.96 0.000183711
1.97 0.000147116
1.98 0.000107264
1.99 6.4766e-05
2 2.03216e-05
2.01 -2.52896e-05
2.02 -7.12262e-05
2.03 -0.000116622
2.04 -0.000160625
2.05 -0.000202432
2.06 -0.000241303
2.07 -0.000276565
2.08 -0.000307608
2.09 -0.000333889
2.1 -0.000354951
2.11 -0.000370437
2.12 -0.000380109
2.13 -0.000383843
2.14 -0.000381618
2.15 -0.000373487
2.16 -0.000359563
2.17 -0.000340011
2.18 -0.000315059
2.19 -0.000285006
2.2 -0.000250229
2.21 -0.000211179
2.22 -0.000168364
2.23 -0.000122332
2.24 -7.36713e-05
2.25 -2.30125e-05
2.26 2.89535e-05
2.27 8.14695e-05
2.28 0.000133717
2.29 0.000184838
2.3 0.000233963
2.31 0.000280235
2.32 0.000322828
2.33 0.000360951
2.34 0.000393858
2.35 0.000420857
2.36 0.000441338
2.37 0.000454804
2.38 0.000460897
2.39 0.000459416
2.4 0.000450312
2.41 0.000433674
2.42 0.000409722
2.43 0.000378795
2.44 0.000341353
2.45 0.000297982
2.46 0.000249382
2.47 0.000196348
2.48 0.000139746
2.49 8.04735e-05
2.5 1.9447e-05
2.51 -4.24128e-05
2.52 -0.000104179
2.53 -0.000164917
2.54 -0.000223698
2.55 -0.000279611
2.56 -0.000331786
2.57 -0.000379413
2.58 -0.000421747
2.59 -0.000458106
2.6 -0.000487866
2.61 -0.000510464
2.62 -0.000525415
2.63 -0.00053233
2.64 -0.000530942
2.65 -0.000521117
2.66 -0.00050286
2.67 -0.000476312
2.68 -0.000441741
2.69 -0.000399545
2.7 -0.000350263
2.71 -0.000294576
2.72 -0.000233313
2.73 -0.000167431
2.74 -9.79913e-05
2.75 -2.61274e-05
2.76 4.69823e-05
2.77 0.000120134
2.78 0.000192114
2.79 0.00026171
2.8 0.000327735
2.81 0.000389056
2.82 0.000444625
2.83 0.000493505
2.84 0.000534887
2.85 0.000568088
2.86 0.000592556
2.87 0.00060786
2.88 0.000613704
2.89 0.00060993
2.9 0.000596535
2.91 0.000573667
2.92 0.000541619
2.93 0.000500816
2.94 0.000451802
2.95 0.000395229
2.96 0.00033186
2.97 0.000262574
2.98 0.000188361
2.99 0.000110316
3 2.96135e-05
3.01 -5.25106e-05
3.02 -0.000134785
3.03 -0.000215916
3.04 -0.0002946
3.05 -0.000369537
3.06 -0.000439447
3.07 -0.000503106
3.08 -0.000559372
3.09 -0.000607223
3.1 -0.000645776
3.11 -0.0006743
3.12 -0.000692226
3.13 -0.000699153
3.14 -0.000694853
3.15 -0.000679294
3.16 -0.00065264
3.17 -0.000615256
3.18 -0.000567699
3.19 -0.000510695
3.2 -0.000445118
3.21 -0.00037197
3.22 -0.00029237
3.23 -0.000207542
3.24 -0.000118799
3.25 -2.75268e-05
3.26 6.4848e-05
3.27 0.000156884
3.28 0.00024715
3.29 0.000334246
3.3 0.000416813
3.31 0.000493541
3.32 0.000563187
3.33 0.000624593
3.34 0.000676716
3.35 0.000718646
3.36 0.000749624
3.37 0.000769058
3.38 0.000776518
3.39 0.000771749
3.4 0.000754678
3.41 0.000725423
3.42 0.000684311
3.43 0.000631876
3.44 0.000568855
3.45 0.000496172
3.46 0.000414916
3.47 0.000326327
3.48 0.000231773
3.49 0.00013274
3.5 3.0807e-05
3.51 -7.23753e-05
3.52 -0.000175124
3.53 -0.000275758
3.54 -0.000372636
3.55 -0.000464179
3.56 -0.000548897
3.57 -0.000625402
3.58 -0.00069243
3.59 -0.000748861
3.6 -0.000793743
3.61 -0.000826312
3.62 -0.000846005
3.63 -0.000852461
3.64 -0.00084552
3.65 -0.000825222
3.66 -0.000791799
3.67 -0.000745687
3.68 -0.000687516
3.69 -0.000618116
3.7 -0.000538499
3.71 -0.000449845
3.72 -0.000353477
3.73 -0.000250845
3.74 -0.000143506
3.75 -3.3107e-05
3.76 7.86273e-05
3.77 0.000189926
3.78 0.000298998
3.79 0.000404075
3.8 0.000503435
3.81 0.000595444
3.82 0.00067857
3.83 0.000751411
3.84 0.000812715
3.85 0.000861406
3.86 0.000896609
3.87 0.000917673
3.88 0.000924186
3.89 0.000915977
3.9 0.000893118
3.91 0.000855916
3.92 0.000804903
3.93 0.000740838
3.94 0.000664691
3.95 0.000577637
3.96 0.000481031
3.97 0.000376382
3.98 0.000265323
3.99 0.000149585
4 3.09668e-05
4.01 -8.86831e-05
4.02 -0.000207491
4.03 -0.000323583
4.04 -0.000435118
4.05 -0.000540318
4.06 -0.0006375
4.07 -0.000725103
4.08 -0.000801706
4.09 -0.000866046
4.1 -0.000917036
4.11 -0.000953785
4.12 -0.00097562
4.13 -0.0009821
4.14 -0.000973034
4.15 -0.00094848
4.16 -0.000908747
4.17 -0.000854385
4.18 -0.00078618
4.19 -0.000705146
4.2 -0.000612513
4.21 -0.000509717
4.22 -0.00039837
4.23 -0.000280236
4.24 -0.000157193
4.25 -3.11995e-05
4.26 9.57357e-05
4.27 0.000221585
4.28 0.00034433
4.29 0.000461996
4.3 0.000572683
4.31 0.000674605
4.32 0.000766119
4.33 0.000845754
4.34 0.000912229
4.35 0.000964469
4.36 0.00100162
4.37 0.00102305
4.38 0.00102839
4.39 0.0010175
4.4 0.000990523
4.41 0.00094784
4.42 0.000890083
4.43 0.000818118
4.44 0.000733027
4.45 0.000636102
4.46 0.000528823
4.47 0.000412848
4.48 0.000289983
4.49 0.000162154
4.5 3.13739e-05
4.51 -0.000100292
4.52 -0.000230756
4.53 -0.000357942
4.54 -0.000479812
4.55 -0.000594399
4.56 -0.000699843
4.57 -0.000794423
4.58 -0.000876596
4.59 -0.000945016
4.6 -0.000998564
4.61 -0.00103636
4.62 -0.00105776
4.63 -0.0010624
4.64 -0.00105017
4.65 -0.00102126
4.66 -0.0009761
4.67 -0.000915406
4.68 -0.000840138
4.69 -0.000751486
4.7 -0.000650845
4.71 -0.0005398
4.72 -0.000420097
4.73 -0.000293624
4.74 -0.000162378
4.75 -2.84315e-05
4.76 0.000106101
4.77 0.000239101
4.78 0.000368474
4.79 0.000492183
4.8 0.000608274
4.81 0.000714905
4.82 0.000810376
4.83 0.000893158
4.84 0.000961921
4.85 0.00101556
4.86 0.0010532
4.87 0.00107423
4.88 0.00107829
4.89 0.00106528
4.9 0.00103538
4.91 0.000989047
4.92 0.000926994
4.93 0.000850201
4.94 0.000759884
4.95 0.000657479
4.96 0.000544614
4.97 0.000423083
4.98 0.000294822
4.99 0.000161878
5 2.63769e-05
5.01 -0.000109515
5.02 -0.000243629
5.03 -0.00037383
5.04 -0.000498054
5.05 -0.000614336
5.06 -0.000720842
5.07 -0.000815891
5.08 -0.000897986
5.09 -0.000965838
5.1 -0.00101839
5.11 -0.00105482
5.12 -0.00107458
5.13 -0.00107739
5.14 -0.00106319
5.15 -0.00103225
5.16 -0.000985036
5.17 -0.000922317
5.18 -0.000845087
5.19 -0.000754576
5.2 -0.000652224
5.21 -0.000539656
5.22 -0.000418656
5.23 -0.000291139
5.24 -0.000159124
5.25 -2.47069e-05
5.26 0.000109976
5.27 0.00024278
5.28 0.000371593
5.29 0.000494367
5.3 0.000609157
5.31 0.000714147
5.32 0.000807678
5.33 0.000888276
5.34 0.000954672
5.35 0.00100583
5.36 0.00104096
5.37 0.00105954
5.38 0.00106132
5.39 0.00104629
5.4 0.00101476
5.41 0.000967245
5.42 0.000904551
5.43 0.000827707
5.44 0.000737969
5.45 0.000636795
5.46 0.000525821
5.47 0.000406829
5.48 0.000281721
5.49 0.000152486
5.5 2.11717e-05
5.51 -0.000110147
5.52 -0.000239395
5.53 -0.000364538
5.54 -0.000483607
5.55 -0.000594737
5.56 -0.000696196
5.57 -0.000786407
5.58 -0.000863973
5.59 -0.000927698
5.6 -0.000976603
5.61 -0.00100995
5.62 -0.00102724
5.63 -0.00102824
5.64 -0.00101299
5.65 -0.000981765
5.66 -0.000935115
5.67 -0.000873824
5.68 -0.000798906
5.69 -0.000711593
5.7 -0.000613316
5.71 -0.000505677
5.72 -0.000390425
5.73 -0.000269422
5.74 -0.000144616
5.75 -1.80004e-05
5.76 0.000108408
5.77 0.000232604
5.78 0.000352628
5.79 0.00046659
5.8 0.000572711
5.81 0.000669343
5.82 0.000755003
5.83 0.000828387
5.84 0.000888395
5.85 0.000934138
5.86 0.000964956
5.87 0.000980427
5.88 0.000980373
5.89 0.000964864
5.9 0.000934215
5.91 0.000888977
5.92 0.000829928
5.93 0.00075806
5.94 0.000674559
5.95 0.000580793
5.96 0.000478287
5.97 0.000368702
5.98 0.000253807
5.99 0.000135446
6 1.55094e-05
6.01 -0.000104095
6.02 -0.000221473
6.03 -0.000334775
6.04 -0.000442221
6.05 -0.000542129
6.06 -0.00063295
6.07 -0.000713285
6.08 -0.000781916
6.09 -0.000837817
6.1 -0.000880173
6.11 -0.000908389
6.12 -0.000922096
6.13 -0.00092116
6.14 -0.00090568
6.15 -0.000875991
6.16 -0.000832651
6.17 -0.000776433
6.18 -0.000708307
6.19 -0.000629425
6.2 -0.000541097
6.21 -0.000444777
6.22 -0.000342035
6.23 -0.000234535
6.24 -0.000124004
6.25 -1.22068e-05
6.26 9.9084e-05
6.27 0.000208118
6.28 0.00031319
6.29 0.000412669
6.3 0.000505018
6.31 0.000588821
6.32 0.000662804
6.33 0.000725859
6.34 0.000777056
6.35 0.000815662
6.36 0.000841146
6.37 0.00085319
6.38 0.000851686
6.39 0.000836745
6.4 0.000808691
6.41 0.000768057
6.42 0.000715574
6.43 0.00065216
6.44 0.000578898
6.45 0.000497021
6.46 0.00040789
6.47 0.00031297
6.48 0.000213809
6.49 0.000112013
6.5 9.21725e-06
6.51 -9.29396e-05
6.52 -0.000192845
6.53 -0.000288935
6.54 -0.000379724
6.55 -0.000463818
6.56 -0.000539942
6.57 -0.000606956
6.58 -0.000663874
6.59 -0.000709878
6.6 -0.00074433
6.61 -0.000766781
6.62 -0.000776977
6.63 -0.000774855
6.64 -0.000760546
6.65 -0.000734373
6.66 -0.000696842
6.67 -0.000648636
6.68 -0.000590604
6.69 -0.000523742
6.7 -0.00044918
6.71 -0.000368157
6.72 -0.000282006
6.73 -0.000192131
6.74 -9.99844e-05
6.75 -7.04448e-06
6.76 8.5208e-05
6.77 0.000175315
6.78 0.000261867
6.79 0.000343523
6.8 0.000419032
6.81 0.000487252
6.82 0.000547168
6.83 0.000597903
6.84 0.000638735
6.85 0.000669109
6.86 0.000688641
6.87 0.000697127
6.88 0.000694539
6.89 0.000681025
6.9 0.000656904
6.91 0.000622659
6.92 0.000578931
6.93 0.000526501
6.94 0.000466286
6.95 0.000399314
6.96 0.000326709
6.97 0.000249673
6.98 0.000169464
6.99 8.73766e-05
7 4.72299e-06
7.01 -7.71869e-05
7.02 -0.000157067
7.03 -0.000233676
7.04 -0.000305837
7.05 -0.000372455
7.06 -0.000432534
7.07 -0.000485192
7.08 -0.000529669
7.09 -0.000565344
7.1 -0.000591739
7.11 -0.000608529
7.12 -0.000615546
7.13 -0.000612781
7.14 -0.000600379
7.15 -0.000578637
7.16 -0.000547999
7.17 -0.000509042
7.18 -0.000462472
7.19 -0.00040911
7.2 -0.000349876
7.21 -0.000285774
7.22 -0.000217876
7.23 -0.0001473
7.24 -7.51913e-05
7.25 -2.70847e-06
7.26 6.89983e-05
7.27 0.000138804
7.28 0.000205625
7.29 0.00026844
7.3 0.000326303
7.31 0.000378358
7.32 0.000423853
7.33 0.000462148
7.34 0.000492723
7.35 0.000515184
7.36 0.000529273
7.37 0.000534863
7.38 0.000531966
7.39 0.000520727
7.4 0.000501423
7.41 0.000474453
7.42 0.000440331
7.43 0.00039968
7.44 0.000353217
7.45 0.000301744
7.46 0.000246135
7.47 0.000187319
7.48 0.000126266
7.49 6.39694e-05
7.5 1.42891e-06
7.51 -6.03628e-05
7.52 -0.000120437
7.53 -0.000177862
7.54 -0.000231762
7.55 -0.000281324
7.56 -0.000325819
7.57 -0.000364606
7.58 -0.000397145
7.59 -0.000423002
7.6 -0.000441856
7.61 -0.000453499
7.62 -0.000457841
7.63 -0.000454909
7.64 -0.000444847
7.65 -0.000427911
7.66 -0.000404459
7.67 -0.000374952
7.68 -0.000339936
7.69 -0.000300037
7.7 -0.00025595
7.71 -0.000208426
7.72 -0.000158261
7.73 -0.000106284
7.74 -5.33376e-05
7.75 -2.71473e-07
7.76 5.20769e-05
7.77 0.000102893
7.78 0.000151395
7.79 0.00019685
7.8 0.000238581
7.81 0.000275978
7.82 0.000308509
7.83 0.000335727
7.84 0.000357275
7.85 0.00037289
7.86 0.000382409
7.87 0.000385764
7.88 0.000382988
7.89 0.000374211
7.9 0.000359657
7.91 0.00033964
7.92 0.000314555
7.93 0.000284875
7.94 0.000251137
7.95 0.000213933
7.96 0.000173904
7.97 0.000131724
7.98 8.8094e-05
7.99 4.37264e-05
8 -6.65452e-07
8.01 -4.43791e-05
8.02 -8.67346e-05
8.03 -0.000127084
8.04 -0.000164823
8.05 -0.000199394
8.06 -0.0002303
8.07 -0.00025711
8.08 -0.000279463
8.09 -0.000297074
8.1 -0.00030974
8.11 -0.000317336
8.12 -0.000319823
8.13 -0.000317237
8.14 -0.000309697
8.15 -0.000297397
8.16 -0.000280604
8.17 -0.000259653
8.18 -0.000234939
8.19 -0.000206911
8.2 -0.000176064
8.21 -0.000142927
8.22 -0.000108061
8.23 -7.20441e-05
8.24 -3.54641e-05
8.25 1.08983e-06
8.26 3.70386e-05
8.27 7.18223e-05
8.28 0.000104909
8.29 0.000135802
8.3 0.000164049
8.31 0.000189246
8.32 0.000211043
8.33 0.000229151
8.34 0.000243345
8.35 0.000253466
8.36 0.000259423
8.37 0.000261192
8.38 0.000258818
8.39 0.000252407
8.4 0.00024213
8.41 0.000228215
8.42 0.000210942
8.43 0.000190643
8.44 0.000167689
8.45 0.00014249
8.46 0.00011548
8.47 8.71163e-05
8.48 5.78682e-05
8.49 2.82117e-05
8.5 -1.37843e-06
8.51 -3.04363e-05
8.52 -5.8512e-05
8.53 -8.51791e-05
8.54 -0.000110041
8.55 -0.000132737
8.56 -0.000152945
8.57 -0.000170391
8.58 -0.000184844
8.59 -0.000196129
8.6 -0.000204121
8.61 -0.000208751
8.62 -0.000210007
8.63 -0.000207928
8.64 -0.000202607
8.65 -0.000194187
8.66 -0.000182856
8.67 -0.000168847
8.68 -0.000152429
8.69 -0.000133908
8.7 -0.000113616
8.71 -9.19078e-05
8.72 -6.91532e-05
8.73 -4.57316e-05
8.74 -2.20253e-05
8.75 1.58585e-06
8.76 2.47305e-05
8.77 4.70517e-05
8.78 6.8212e-05
8.79 8.78993e-05
8.8 0.000105831
8.81 0.000121758
8.82 0.000135469
8.83 0.000146788
8.84 0.000155582
8.85 0.00016176
8.86 0.000165275
8.87 0.00016612
8.88 0.000164334
8.89 0.000159994
8.9 0.000153218
8.91 0.000144159
8.92 0.000133003
8.93 0.000119965
8.94 0.000105288
8.95 8.92342e-05
8.96 7.20857e-05
8.97 5.41352e-05
8.98 3.56824e-05
8.99 1.70292e-05
9 -1.52515e-06
9.01 -1.96889e-05
9.02 -3.71818e-05
9.03 -5.37394e-05
9.04 -6.91176e-05
9.05 -8.30959e-05
9.06 -9.54813e-05
9.07 -0.00010611
9.08 -0.00011485
9.09 -0.000121602
9.1 -0.0001263
9.11 -0.00012891
9.12 -0.000129436
9.13 -0.000127911
9.14 -0.000124402
9.15 -0.000119007
9.16 -0.000111849
9.17 -0.00010308
9.18 -9.28692e-05
9.19 -8.1408e-05
9.2 -6.89029e-05
9.21 -5.55725e-05
9.22 -4.16445e-05
9.23 -2.73512e-05
9.24 -1.29255e-05
9.25 1.40247e-06
9.26 1.54091e-05
9.27 2.88803e-05
9.28 4.16144e-05
9.29 5.34254e-05
9.3 6.41452e-05
9.31 7.36269e-05
9.32 8.17463e-05
9.33 8.84037e-05
9.34 9.35248e-05
9.35 9.70609e-05
9.36 9.89896e-05
9.37 9.93143e-05
9.38 9.80638e-05
9.39 9.52919e-05
9.4 9.10758e-05
9.41 8.55143e-05
9.42 7.87252e-05
9.43 7.08433e-05
9.44 6.20175e-05
9.45 5.24084e-05
9.46 4.21854e-05
9.47 3.15242e-05
9.48 2.06038e-05
9.49 9.60278e-06
9.5 -1.30288e-06
9.51 -1.19433e-05
9.52 -2.21567e-05
9.53 -3.17919e-05
9.54 -4.07102e-05
9.55 -4.87868e-05
9.56 -5.59132e-05
9.57 -6.19983e-05
9.58 -6.69698e-05
9.59 -7.07745e-05
9.6 -7.3379e-05
9.61 -7.47695e-05
9.62 -7.49511e-05
9.63 -7.39479e-05
9.64 -7.1802e-05
9.65 -6.85727e-05
9.66 -6.43358e-05
9.67 -5.9181e-05
9.68 -5.3211e-05
9.69 -4.65388e-05
9.7 -3.92857e-05
9.71 -3.15798e-05
9.72 -2.35533e-05
9.73 -1.53412e-05
9.74 -7.07833e-06
9.75 1.10272e-06
9.76 9.07379e-06
9.77 1.67133e-05
9.78 2.39081e-05
9.79 3.05547e-05
9.8 3.65607e-05
9.81 4.18462e-05
9.82 4.63444e-05
9.83 5.00029e-05
9.84 5.27841e-05
9.85 5.46656e-05
9.86 5.56398e-05
9.87 5.57137e-05
9.88 5.49081e-05
9.89 5.32571e-05
9.9 5.08071e-05
9.91 4.76163e-05
9.92 4.37532e-05
9.93 3.92952e-05
9.94 3.43274e-05
9.95 2.89405e-05
9.96 2.32293e-05
9.97 1.72915e-05
9.98 1.12259e-05
9.99 5.13134e-06
10 -8.95167e-07
10.01 -6.75989e-06
10.02 -1.2374e-05
10.03 -1.76548e-05
10.04 -2.25271e-05
10.05 -2.69238e-05
10.06 -3.0787e-05
10.07 -3.40682e-05
10.08 -3.67295e-05
10.09 -3.87437e-05
10.1 -4.00948e-05
10.11 -4.07779e-05
10.12 -4.07993e-05
10.13 -4.01753e-05
10.14 -3.89322e-05
10.15 -3.71054e-05
10.16 -3.47386e-05
10.17 -3.18834e-05
10.18 -2.85978e-05
10.19 -2.49453e-05
10.2 -2.09937e-05
10.21 -1.68134e-05
10.22 -1.24767e-05
10.23 -8.0561e-06
10.24 -3.62345e-06
10.25 7.50843e-07
10.26 4.99913e-06
10.27 9.05752e-06
10.28 1.28669e-05
10.29 1.63738e-05
10.3 1.95312e-05
10.31 2.22986e-05
10.32 2.46428e-05
10.33 2.65378e-05
10.34 2.79651e-05
10.35 2.89144e-05
10.36 2.93829e-05
10.37 2.93758e-05
10.38 2.89057e-05
10.39 2.79921e-05
10.4 2.66609e-05
10.41 2.49438e-05
10.42 2.28779e-05
10.43 2.0505e-05
10.44 1.78707e-05
10.45 1.50239e-05
10.46 1.20158e-05
10.47 8.89838e-06
10.48 5.72427e-06
10.49 2.54533e-06
10.5 -5.87818e-07
10.51 -3.62652e-06
10.52 -6.52482e-06
10.53 -9.24027e-06
10.54 -1.17346e-05
10.55 -1.39743e-05
10.56 -1.5931e-05
10.57 -1.75817e-05
10.58 -1.89091e-05
10.59 -1.99011e-05
10.6 -2.05514e-05
10.61 -2.08592e-05
10.62 -2.08293e-05
10.63 -2.04718e-05
10.64 -1.98019e-05
10.65 -1.88389e-05
10.66 -1.76064e-05
10.67 -1.61312e-05
10.68 -1.44431e-05
10.69 -1.25745e-05
10.7 -1.05598e-05
10.71 -8.435e-06
10.72 -6.23666e-06
10.73 -4.00153e-06
10.74 -1.76581e-06
10.75 4.35329e-07
10.76 2.56819e-06
10.77 4.60093e-06
10.78 6.50399e-06
10.79 8.25061e-06
10.8 9.81724e-06
10.81 1.1184e-05
10.82 1.23347e-05
10.83 1.32574e-05
10.84 1.39437e-05
10.85 1.43894e-05
10.86 1.45942e-05
10.87 1.45616e-05
10.88 1.42989e-05
10.89 1.38172e-05
10.9 1.31307e-05
10.91 1.22565e-05
10.92 1.12143e-05
10.93 1.00256e-05
10.94 8.71351e-06
10.95 7.30255e-06
10.96 5.8181e-06
10.97 4.28602e-06
10.98 2.73212e-06
10.99 1.18167e-06
11 -3.41027e-07
11.01 -1.81294e-06
11.02 -3.21255e-06
11.03 -4.52008e-06
11.04 -5.71764e-06
11.05 -6.78959e-06
11.06 -7.7227e-06
11.07 -8.50638e-06
11.08 -9.13281e-06
11.09 -9.59685e-06
11.1 -9.89599e-06
11.11 -1.00303e-05
11.12 -1.00023e-05
11.13 -9.81696e-06
11.14 -9.4818e-06
11.15 -9.00647e-06
11.16 -8.40272e-06
11.17 -7.684e-06
11.18 -6.86515e-06
11.19 -5.96214e-06
11.2 -4.99176e-06
11.21 -3.97147e-06
11.22 -2.91913e-06
11.23 -1.85264e-06
11.24 -7.89662e-07
11.25 2.52812e-07
11.26 1.25874e-06
11.27 2.21327e-06
11.28 3.10286e-06
11.29 3.91542e-06
11.3 4.64039e-06
11.31 5.26894e-06
11.32 5.79412e-06
11.33 6.21092e-06
11.34 6.51634e-06
11.35 6.70929e-06
11.36 6.79044e-06
11.37 6.76213e-06
11.38 6.62826e-06
11.39 6.39421e-06
11.4 6.06681e-06
11.41 5.65418e-06
11.42 5.16557e-06
11.43 4.61112e-06
11.44 4.00157e-06
11.45 3.34815e-06
11.46 2.66235e-06
11.47 1.95586e-06
11.48 1.24042e-06
11.49 5.27666e-07
11.5 -1.71128e-07
11.51 -8.45246e-07
11.52 -1.48475e-06
11.53 -2.08058e-06
11.54 -2.62467e-06
11.55 -3.10994e-06
11.56 -3.5304e-06
11.57 -3.88124e-06
11.58 -4.15892e-06
11.59 -4.36128e-06
11.6 -4.48754e-06
11.61 -4.53823e-06
11.62 -4.51509e-06
11.63 -4.42095e-06
11.64 -4.25964e-06
11.65 -4.03594e-06
11.66 -3.75551e-06
11.67 -3.42483e-06
11.68 -3.05099e-06
11.69 -2.64154e-06
11.7 -2.20424e-06
11.71 -1.74698e-06
11.72 -1.27758e-06
11.73 -8.03795e-07
11.74 -3.33202e-07
11.75 1.26872e-07
11.76 5.69502e-07
11.77 9.88303e-07
11.78 1.37755e-06
11.79 1.73221e-06
11.8 2.04798e-06
11.81 2.32126e-06
11.82 2.54911e-06
11.83 2.72935e-06
11.84 2.86059e-06
11.85 2.9423e-06
11.86 2.97478e-06
11.87 2.95913e-06
11.88 2.89718e-06
11.89 2.79136e-06
11.9 2.6447e-06
11.91 2.46075e-06
11.92 2.2436e-06
11.93 1.99784e-06
11.94 1.72844e-06
11.95 1.4406e-06
11.96 1.13964e-06
11.97 8.30871e-07
11.98 5.19498e-07
11.99 2.106e-07
12 -9.09169e-08
12.01 -3.80393e-07
12.02 -6.53513e-07
12.03 -9.06417e-07
12.04 -1.13579e-06
12.05 -1.33887e-06
12.06 -1.5135e-06
12.07 -1.65799e-06
12.08 -1.77118e-06
12.09 -1.85239e-06
12.1 -1.90149e-06
12.11 -1.91885e-06
12.12 -1.90543e-06
12.13 -1.8626e-06
12.14 -1.79214e-06
12.15 -1.69615e-06
12.16 -1.57696e-06
12.17 -1.43715e-06
12.18 -1.27953e-06
12.19 -1.10714e-06
12.2 -9.23215e-07
12.21 -7.31052e-07
12.22 -5.33964e-07
12.23 -3.35187e-07
12.24 -1.37856e-07
12.25 5.50042e-08
12.26 2.4048e-07
12.27 4.15804e-07
12.28 5.7842e-07
12.29 7.26063e-07
12.3 8.56826e-07
12.31 9.69189e-07
12.32 1.06201e-06
12.33 1.13449e-06
12.34 1.18616e-06
12.35 1.21688e-06
12.36 1.22687e-06
12.37 1.21672e-06
12.38 1.1874e-06
12.39 1.14018e-06
12.4 1.07661e-06
12.41 9.98373e-07
12.42 9.07301e-07
12.43 8.05317e-07
12.44 6.94446e-07
12.45 5.76804e-07
12.46 4.54556e-07
12.47 3.29855e-07
12.48 2.04771e-07
12.49 8.12411e-08
12.5 -3.89427e-08
12.51 -1.54118e-07
12.52 -2.62733e-07
12.53 -3.63346e-07
12.54 -4.54655e-07
12.55 -5.35542e-07
12.56 -6.05114e-07
12.57 -6.6271e-07
12.58 -7.07887e-07
12.59 -7.4038e-07
12.6 -7.60085e-07
12.61 -7.67056e-07
12.62 -7.61536e-07
12.63 -7.43984e-07
12.64 -7.15081e-07
12.65 -6.75715e-07
12.66 -6.26921e-07
12.67 -5.69839e-07
12.68 -5.05677e-07
12.69 -4.35705e-07
12.7 -3.61262e-07
12.71 -2.83754e-07
12.72 -2.04627e-07
12.73 -1.25318e-07
12.74 -4.71882e-08
12.75 2.85169e-08
12.76 1.00686e-07
12.77 1.68332e-07
12.78 2.3057e-07
12.79 2.86617e-07
12.8 3.35809e-07
12.81 3.77628e-07
12.82 4.11736e-07
12.83 4.3797e-07
12.84 4.56317e-07
12.85 4.66877e-07
12.86 4.69823e-07
12.87 4.65397e-07
12.88 4.53921e-07
12.89 4.35815e-07
12.9 4.1161e-07
12.91 3.81927e-07
12.92 3.47443e-07
12.93 3.08859e-07
12.94 2.66873e-07
12.95 2.22195e-07
12.96 1.75559e-07
12.97 1.27742e-07
12.98 7.95577e-08
12.99 3.18277e-08
13 -1.46628e-08
13.01 -5.91951e-08
13.02 -1.01128e-07
13.03 -1.39886e-07
13.04 -1.74948e-07
13.05 -2.05837e-07
13.06 -2.32143e-07
13.07 -2.53551e-07
13.08 -2.69873e-07
13.09 -2.81058e-07
13.1 -2.87169e-07
13.11 -2.88361e-07
13.12 -2.84844e-07
13.13 -2.76877e-07
13.14 -2.64772e-07
13.15 -2.48911e-07
13.16 -2.29748e-07
13.17 -2.0779e-07
13.18 -1.83567e-07
13.19 -1.57594e-07
13.2 -1.3035e-07
13.21 -1.02277e-07
13.22 -7.38033e-08
13.23 -4.53567e-08
13.24 -1.73686e-08
13.25 9.74218e-09
13.26 3.55959e-08
13.27 5.98706e-08
13.28 8.2302e-08
13.29 1.02666e-07
13.3 1.20757e-07
13.31 1.36371e-07
13.32 1.49319e-07
13.33 1.59445e-07
13.34 1.66655e-07
13.35 1.70926e-07
13.36 1.723e-07
13.37 1.70861e-07
13.38 1.66718e-07
13.39 1.59998e-07
13.4 1.50866e-07
13.41 1.39533e-07
13.42 1.26277e-07
13.43 1.1143e-07
13.44 9.53513e-08
13.45 7.84007e-08
13.46 6.09153e-08
13.47 4.32083e-08
13.48 2.55791e-08
13.49 8.32603e-09
13.5 -8.25363e-09
13.51 -2.38803e-08
13.52 -3.83166e-08
13.53 -5.13864e-08
13.54 -6.29761e-08
13.55 -7.30197e-08
13.56 -8.14751e-08
13.57 -8.83075e-08
13.58 -9.34879e-08
13.59 -9.70069e-08
13.6 -9.88895e-08
13.61 -9.92015e-08
13.62 -9.80381e-08
13.63 -9.55036e-08
13.64 -9.16925e-08
13.65 -8.6684e-08
13.66 -8.0553e-08
13.67 -7.33906e-08
13.68 -6.53191e-08
13.69 -5.64929e-08
13.7 -4.70842e-08
13.71 -3.72639e-08
13.72 -2.71892e-08
13.73 -1.70059e-08
13.74 -6.86171e-09
13.75 3.0797e-09
13.76 1.26355e-08
13.77 2.16165e-08
13.78 2.98501e-08
13.79 3.71995e-08
13.8 4.35709e-08
13.81 4.89062e-08
13.82 5.31667e-08
13.83 5.63219e-08
13.84 5.83504e-08
13.85 5.92528e-08
13.86 5.90658e-08
13.87 5.78687e-08
13.88 5.57731e-08
13.89 5.29039e-08
13.9 4.93783e-08
13.91 4.52956e-08
13.92 4.0742e-08
13.93 3.58035e-08
13.94 3.05772e-08
13.95 2.51703e-08
13.96 1.96892e-08
13.97 1.42226e-08
13.98 8.83244e-09
13.99 3.55686e-09
14 -1.57448e-09
14.01 -6.52298e-09
14.02 -1.12323e-08
14.03 -1.56329e-08
14.04 -1.96567e-08
14.05 -2.325e-08
14.06 -2.6379e-08
14.07 -2.90222e-08
14.08 -3.11572e-08
14.09 -3.27509e-08
14.1 -3.37618e-08
14.11 -3.41532e-08
14.12 -3.39105e-08
14.13 -3.30506e-08
14.14 -3.162e-08
14.15 -2.96821e-08
14.16 -2.73018e-08
14.17 -2.45382e-08
14.18 -2.14483e-08
14.19 -1.80976e-08
14.2 -1.45693e-08
14.21 -1.09628e-08
14.22 -7.38166e-09
14.23 -3.91661e-09
14.24 -6.33105e-10
14.25 2.43018e-09
14.26 5.25139e-09
14.27 7.81204e-09
14.28 1.00892e-08
14.29 1.20582e-08
14.3 1.3703e-08
14.31 1.5026e-08
14.32 1.60502e-08
14.33 1.68109e-08
14.34 1.73403e-08
14.35 1.76552e-08
14.36 1.77545e-08
14.37 1.76278e-08
14.38 1.72682e-08
14.39 1.6681e-08
14.4 1.58841e-08
14.41 1.48984e-08
14.42 1.37377e-08
14.43 1.24038e-08
14.44 1.08928e-08
14.45 9.20729e-09
14.46 7.36816e-09
14.47 5.41732e-09
14.48 3.41075e-09
14.49 1.40533e-09
14.5 -5.52259e-10
14.51 -2.42798e-09
14.52 -4.19405e-09
14.53 -5.81927e-09
14.54 -7.26431e-09
14.55 -8.48596e-09
14.56 -9.44816e-09
14.57 -1.01339e-08
14.58 -1.05499e-08
14.59 -1.07221e-08
14.6 -1.06827e-08
14.61 -1.04598e-08
14.62 -1.00728e-08
14.63 -9.53763e-09
14.64 -8.87496e-09
14.65 -8.11642e-09
14.66 -7.30242e-09
14.67 -6.47242e-09
14.68 -5.65331e-09
14.69 -4.85321e-09
14.7 -4.06475e-09
14.71 -3.27543e-09
14.72 -2.4783e-09
14.73 -1.67695e-09
14.74 -8.8232e-10
14.75 -1.03992e-10
14.76 6.56972e-10
14.77 1.40827e-09
14.78 2.15876e-09
14.79 2.90806e-09
14.8 3.64044e-09
14.81 4.32659e-09
14.82 4.93272e-09
14.83 5.43169e-09
14.84 5.80938e-09
14.85 6.06309e-09
14.86 6.1937e-09
14.87 6.19819e-09
14.88 6.06812e-09
14.89 5.79503e-09
14.9 5.37955e-09
14.91 4.83828e-09
14.92 4.20322e-09
14.93 3.51375e-09
14.94 2.80562e-09
14.95 2.10357e-09
14.96 1.42165e-09
14.97 7.69298e-10
14.98 1.58727e-10
14.99 -3.92109e-10
15 -8.63457e-10
15.01 -1.2422e-09
15.02 -1.5292e-09
15.03 -1.74017e-09
15.04 -1.899e-09
15.05 -2.02796e-09
15.06 -2.14003e-09
15.07 -2.2377e-09
15.08 -2.31824e-09
15.09 -2.38126e-09
15.1 -2.43292e-09
15.11 -2.4836e-09
15.12 -2.54043e-09
15.13 -2.60035e-09
15.14 -2.64823e-09
15.15 -2.66162e-09
15.16 -2.61992e-09
15.17 -2.51227e-09
15.18 -2.33989e-09
15.19 -2.11158e-09
15.2 -1.8362e-09
15.21 -1.51774e-09
15.22 -1.15608e-09
15.23 -7.52624e-10
15.24 -3.17149e-10
15.25 1.29477e-10
15.26 5.58854e-10
15.27 9.43482e-10
15.28 1.26503e-09
15.29 1.51729e-09
15.3 1.70297e-09
15.31 1.82704e-09
15.32 1.89103e-09
15.33 1.8924e-09
15.34 1.82907e-09
15.35 1.70601e-09
15.36 1.53881e-09
15.37 1.35106e-09
15.38 1.16703e-09
15.39 1.00396e-09
15.4 8.67978e-10
15.41 7.56195e-10
15.42 6.62809e-10
15.43 5.85229e-10
15.44 5.25917e-10
15.45 4.88623e-10
15.46 4.72403e-10
15.47 4.67744e-10
15.48 4.57639e-10
15.49 4.23647e-10
15.5 3.53346e-10
15.51 2.44897e-10
15.52 1.0601e-10
15.53 -5.19538e-11
15.54 -2.20151e-10
15.55 -3.94836e-10
15.56 -5.75161e-10
15.57 -7.57851e-10
15.58 -9.32915e-10
15.59 -1.08363e-09
15.6 -1.19144e-09
15.61 -1.24328e-09
15.62 -1.23632e-09
15.63 -1.17755e-09
15.64 -1.079e-09
15.65 -9.5155e-10
15.66 -8.01417e-10
15.67 -6.31188e-10
15.68 -4.44427e-10
15.69 -2.50399e-10
15.7 -6.47549e-11
15.71 9.45339e-11
15.72 2.13513e-10
15.73 2.87311e-10
15.74 3.20737e-10
15.75 3.24318e-10
15.76 3.08311e-10
15.77 2.78357e-10
15.78 2.3583e-10
15.79 1.81897e-10
15.8 1.21912e-10
15.81 6.70158e-11
15.82 3.12971e-11
15.83 2.61623e-11
15.84 5.52105e-11
15.85 1.12709e-10
15.86 1.87021e-10
15.87 2.66421e-10
15.88 3.43468e-10
15.89 4.15674e-10
15.9 4.8232e-10
15.91 5.40127e-10
15.92 5.80974e-10
15.93 5.93505e-10
15.94 5.6825e-10
15.95 5.02742e-10
15.96 4.0323e-10
15.97 2.8219e-10
15.98 1.53041e-10
15.99 2.54393e-11
16 -9.62017e-11
16.01 -2.10481e-10
16.02 -3.14637e-10
16.03 -4.01744e-10
16.04 -4.61761e-10
16.05 -4.85673e-10
16.06 -4.70307e-10
16.07 -4.20602e-10
16.08 -3.47919e-10
16.09 -2.6543e-10
16.1 -1.83036e-10
16.11 -1.05246e-10
16.12 -3.30196e-11
16.13 3.24117e-11
16.14 8.64669e-11
16.15 1.21335e-10
16.16 1.29291e-10
16.17 1.07097e-10
16.18 5.8896e-11
16.19 -4.77412e-12
16.2 -7.13393e-11
16.21 -1.30951e-10
16.22 -1.79053e-10
16.23 -2.15338e-10
16.24 -2.40315e-10
16.25 -2.52092e-10
16.26 -2.45491e-10
16.27 -2.14617e-10
16.28 -1.57164e-10
16.29 -7.72578e-11
16.3 1.49234e-11
16.31 1.06765e-10
16.32 1.87826e-10
16.33 2.52717e-10
16.34 3.00962e-10
16.35 3.3391e-10
16.36 3.51145e-10
16.37 3.49281e-10
16.38 3.23768e-10
16.39 2.72613e-10
16.4 1.99365e-10
16.41 1.13253e-10
16.42 2.64426e-11
16.43 -5.04342e-11
16.44 -1.1167e-10
16.45 -1.56619e-10
16.46 -1.87104e-10
16.47 -2.03982e-10
16.48 -2.05398e-10
16.49 -1.87928e-10
16.5 -1.49585e-10
16.51 -9.29748e-11
16.52 -2.61639e-11
16.53 3.97581e-11
16.54 9.4746e-11
16.55 1.33195e-10
16.56 1.54638e-10
16.57 1.61607e-10
16.58 1.56491e-10
16.59 1.39248e-10
16.6 1.07694e-10
16.61 6.03241e-11
16.62 -6.72652e-13
16.63 -6.82654e-11
16.64 -1.32332e-10
16.65 -1.83349e-10
16.66 -2.15647e-10
16.67 -2.28714e-10
16.68 -2.25687e-10
16.69 -2.10068e-10
16.7 -1.83245e-10
16.71 -1.44333e-10
16.72 -9.23645e-11
16.73 -2.91999e-11
16.74 3.91565e-11
16.75 1.0355e-10
16.76 1.54795e-10
16.77 1.8722e-10
16.78 2.00178e-10
16.79 1.96901e-10
16.8 1.81564e-10
16.81 1.56603e-10
16.82 1.22174e-10
16.83 7.76515e-11
16.84 2.42393e-11
16.85 -3.31288e-11
16.86 -8.6417e-11
16.87 -1.27236e-10
16.88 -1.5014e-10
16.89 -1.54438e-10
16.9 -1.43384e-10
16.91 -1.21712e-10
16.92 -9.2931e-11
16.93 -5.80383e-11
16.94 -1.67022e-11
16.95 3.02787e-11
16.96 7.90396e-11
16.97 1.22754e-10
16.98 1.53994e-10
16.99 1.67653e-10
17 1.62916e-10
17.01 1.43167e-10
17.02 1.13633e-10
17.03 7.8608e-11
17.04 3.99545e-11
17.05 -2.23568e-12
17.06 -4.73809e-11
17.07 -9.25521e-11
17.08 -1.32158e-10
17.09 -1.5954e-10
17.1 -1.69875e-10
17.11 -1.62323e-10
17.12 -1.40146e-10
17.13 -1.08768e-10
17.14 -7.29939e-11
17.15 -3.54017e-11
17.16 3.45006e-12
17.17 4.33352e-11
17.18 8.22235e-11
17.19 1.1558e-10
17.2 1.37648e-10
17.21 1.43987e-10
17.22 1.33736e-10
17.23 1.09904e-10
17.24 7.78394e-11
17.25 4.28038e-11
17.26 7.92296e-12
17.27 -2.60062e-11
17.28 -5.89933e-11
17.29 -8.98334e-11
17.3 -1.15053e-10
17.31 -1.29894e-10
17.32 -1.30468e-10
17.33 -1.15797e-10
17.34 -8.86511e-11
17.35 -5.43529e-11
17.36 -1.83819e-11
17.37 1.57028e-11
17.38 4.68459e-11
17.39 7.51718e-11
17.4 1.00119e-10
17.41 1.19346e-10
17.42 1.29021e-10
17.43 1.25691e-10
17.44 1.08398e-10
17.45 7.96449e-11
17.46 4.45836e-11
17.47 8.73055e-12
17.48 -2.40806e-11
17.49 -5.24098e-11
17.5 -7.64898e-11
17.51 -9.64159e-11
17.52 -1.10737e-10
17.53 -1.16499e-10
17.54 -1.10717e-10
17.55 -9.24834e-11
17.56 -6.40147e-11
17.57 -3.00308e-11
17.58 3.99685e-12
17.59 3.39833e-11
17.6 5.83098e-11
17.61 7.72784e-11
17.62 9.15179e-11
17.63 1.00371e-10
17.64 1.01708e-10
17.65 9.31677e-11
17.66 7.38383e-11
17.67 4.55479e-11
17.68 1.26671e-11
17.69 -1.95159e-11
17.7 -4.68138e-11
17.71 -6.74829e-11
17.72 -8.18711e-11
17.73 -9.09196e-11
17.74 -9.47667e-11
17.75 -9.21372e-11
17.76 -8.11441e-11
17.77 -6.09422e-11
17.78 -3.30249e-11
17.79 -1.37142e-12
17.8 2.89941e-11
17.81 5.39834e-11
17.82 7.16571e-11
17.83 8.22994e-11
17.84 8.72164e-11
17.85 8.71738e-11
17.86 8.16305e-11
17.87 6.91609e-11
17.88 4.89977e-11
17.89 2.24069e-11
17.9 -7.17484e-12
17.91 -3.51195e-11
17.92 -5.73733e-11
17.93 -7.19144e-11
17.94 -7.89793e-11
17.95 -8.01356e-11
17.96 -7.66681e-11
17.97 -6.86012e-11
17.98 -5.50629e-11
17.99 -3.54115e-11
18 -1.05503e-11
18.01 1.65689e-11
18.02 4.1742e-11
18.03 6.10536e-11
18.04 7.24504e-11
18.05 7.61856e-11
18.06 7.38949e-11
18.07 6.72657e-11
18.08 5.69577e-11
18.09 4.25353e-11
18.1 2.34723e-11
18.11 3.69927e-13
18.12 -2.4301e-11
18.13 -4.67331e-11
18.14 -6.33267e-11
18.15 -7.2038e-11
18.16 -7.29819e-11
18.17 -6.78912e-11
18.18 -5.87763e-11
18.19 -4.68083e-11
18.2 -3.19515e-11
18.21 -1.37497e-11
18.22 7.35198e-12
18.23 2.93659e-11
18.24 4.90383e-11
18.25 6.30234e-11
18.26 6.93118e-11
18.27 6.79153e-11
18.28 6.05957e-11
18.29 4.96371e-11
18.3 3.65233e-11
18.31 2.16016e-11
18.32 4.6132e-12
18.33 -1.42422e-11
18.34 -3.34431e-11
18.35 -5.02551e-11
18.36 -6.16359e-11
18.37 -6.56087e-11
18.38 -6.21888e-11
18.39 -5.30765e-11
18.4 -4.06325e-11
18.41 -2.66971e-11
18.42 -1.19478e-11
18.43 3.72307e-12
18.44 2.0313e-11
18.45 3.67679e-11
18.46 5.07712e-11
18.47 5.96611e-11
18.48 6.16249e-11
18.49 5.6553e-11
18.5 4.60608e-11
18.51 3.25594e-11
18.52 1.81456e-11
18.53 3.80666e-12
18.54 -1.05066e-11
18.55 -2.48959e-11
18.56 -3.86499e-11
18.57 -4.99912e-11
18.58 -5.66238e-11
18.59 -5.68747e-11
18.6 -5.05415e-11
18.61 -3.90978e-11
18.62 -2.50208e-11
18.63 -1.05223e-11
18.64 3.22379e-12
18.65 1.60756e-11
18.66 2.82488e-11
18.67 3.93815e-11
18.68 4.81807e-11
18.69 5.27434e-11
18.7 5.14808e-11
18.71 4.41776e-11
18.72 3.22008e-11
18.73 1.78974e-11
18.74 3.57747e-12
18.75 -9.40239e-12
18.76 -2.07552e-11
18.77 -3.07611e-11
18.78 -3.94324e-11
18.79 -4.58568e-11
18.8 -4.84751e-11
18.81 -4.59361e-11
18.82 -3.79589e-11
18.83 -2.57469e-11
18.84 -1.15116e-11
18.85 2.42062e-12
18.86 1.44962e-11
18.87 2.43687e-11
18.88 3.2388e-11
18.89 3.87623e-11
18.9 4.29974e-11
18.91 4.39031e-11
18.92 4.03289e-11
18.93 3.19619e-11
18.94 1.97772e-11
18.95 5.88805e-12
18.96 -7.39768e-12
18.97 -1.85022e-11
18.98 -2.69477e-11
18.99 -3.31006e-11
19 -3.73713e-11
19.01 -3.96195e-11
19.02 -3.90554e-11
19.03 -3.4661e-11
19.04 -2.60943e-11
19.05 -1.42209e-11
19.06 -9.31657e-13
19.07 1.15521e-11
19.08 2.16159e-11
19.09 2.86909e-11
19.1 3.30959e-11
19.11 3.5471e-11
19.12 3.59862e-11
19.13 3.41156e-11
19.14 2.90771e-11
19.15 2.0525e-11
19.16 9.15931e-12
19.17 -3.34257e-12
19.18 -1.49246e-11
19.19 -2.39049e-11
19.2 -2.9649e-11
19.21 -3.2515e-11
19.22 -3.32236e-11
19.23 -3.22066e-11
19.24 -2.92346e-11
19.25 -2.37265e-11
19.26 -1.53793e-11
19.27 -4.6694e-12
19.28 6.93509e-12
19.29 1.748e-11
19.3 2.5363e-11
19.31 2.98931e-11
19.32 3.13939e-11
19.33 3.0664e-11
19.34 2.83205e-11
19.35 2.44617e-11
19.36 1.86773e-11
19.37 1.06332e-11
19.38 7.07907e-13
19.39 -9.86289e-12
19.4 -1.93107e-11
19.41 -2.61014e-11
19.42 -2.95335e-11
19.43 -2.98278e-11
19.44 -2.78549e-11
19.45 -2.44477e-11
19.46 -1.98825e-11
19.47 -1.39385e-11
19.48 -6.31778e-12
19.49 2.73213e-12
19.5 1.21791e-11
19.51 2.05109e-11
19.52 2.62541e-11
19.53 2.86479e-11
19.54 2.79203e-11
19.55 2.49436e-11
19.56 2.06704e-11
19.57 1.5572e-11
19.58 9.57711e-12
19.59 2.48146e-12
19.6 -5.6196e-12
19.61 -1.39469e-11
19.62 -2.1139e-11
19.63 -2.58525e-11
19.64 -2.73327e-11
19.65 -2.57547e-11
19.66 -2.19939e-11
19.67 -1.70373e-11
19.68 -1.15563e-11
19.69 -5.66068e-12
19.7 8.67271e-13
19.71 8.0102e-12
19.72 1.51872e-11
19.73 2.12521e-11
19.74 2.49781e-11
19.75 2.5672e-11
19.76 2.34147e-11
19.77 1.90236e-11
19.78 1.3594e-11
19.79 7.89773e-12
19.8 2.1719e-12
19.81 -3.74647e-12
19.82 -9.93298e-12
19.83 -1.59538e-11
19.84 -2.09176e-11
19.85 -2.37553e-11
19.86 -2.37432e-11
19.87 -2.09418e-11
19.88 -1.61219e-11
19.89 -1.03882e-11
19.9 -4.61499e-12
19.91 8.83972e-13
19.92 6.17379e-12
19.93 1.13844e-11
19.94 1.63122e-11
19.95 2.02358e-11
19.96 2.22302e-11
19.97 2.16201e-11
19.98 1.84104e-11
19.99 1.3341e-11
20 7.45783e-12
